🚀 Test complet de la nouvelle logique de chat
============================================================
⏳ Attente du démarrage du serveur...
🔐 Connexion utilisateur client2@example.com...
✅ Connexion réussie, token obtenu
🔐 Connexion utilisateur ballo@gmail.com...
✅ Connexion réussie, token obtenu

💬 Création d'une conversation de test...
❌ Erreur création conversation: 500
   Réponse: <!DOCTYPE html>
<html lang="en">
<head>
  <meta http-equiv="content-type" content="text/html; charset=utf-8">
  <meta name="robots" content="NONE,NOARCHIVE">
  <title>NameError
          at /depannage/api/chat/conversations/get_or_create/</title>
  <style>
    html * { padding:0; margin:0; }
    body * { padding:10px 20px; }
    body * * { padding:0; }
    body { font-family: sans-serif; background-color:#fff; color:#000; }
    body > :where(header, main, footer) { border-bottom:1px solid #ddd; }
    h1 { font-weight:normal; }
    h2 { margin-bottom:.8em; }
    h3 { margin:1em 0 .5em 0; }
    h4 { margin:0 0 .5em 0; font-weight: normal; }
    code, pre { font-size: 100%; white-space: pre-wrap; word-break: break-word; }
    summary { cursor: pointer; }
    table { border:1px solid #ccc; border-collapse: collapse; width:100%; background:white; }
    tbody td, tbody th { vertical-align:top; padding:2px 3px; }
    thead th {
      padding:1px 6px 1px 3px; background:#fefefe; text-align:left;
      font-weight:normal; font-size: 0.6875rem; border:1px solid #ddd;
    }
    tbody th { width:12em; text-align:right; color:#666; padding-right:.5em; }
    table.vars { margin:5px 10px 2px 40px; width: auto; }
    table.vars td, table.req td { font-family:monospace; }
    table td.code { width:100%; }
    table td.code pre { overflow:hidden; }
    table.source th { color:#666; }
    table.source td { font-family:monospace; white-space:pre; border-bottom:1px solid #eee; }
    ul.traceback { list-style-type:none; color: #222; }
    ul.traceback li.cause { word-break: break-word; }
    ul.traceback li.frame { padding-bottom:1em; color:#4f4f4f; }
    ul.traceback li.user { background-color:#e0e0e0; color:#000 }
    div.context { padding:10px 0; overflow:hidden; }
    div.context ol { padding-left:30px; margin:0 10px; list-style-position: inside; }
    div.context ol li { font-family:monospace; white-space:pre; color:#777; cursor:pointer; padding-left: 2px; }
    div.context ol li pre { display:inline; }
    div.context ol.context-line li { color:#464646; background-color:#dfdfdf; padding: 3px 2px; }
    div.context ol.context-line li span { position:absolute; right:32px; }
    .user div.context ol.context-line li { background-color:#bbb; color:#000; }
    .user div.context ol li { color:#666; }
    div.commands, summary.commands { margin-left: 40px; }
    div.commands a, summary.commands { color:#555; text-decoration:none; }
    .user div.commands a { color: black; }
    #summary { background: #ffc; }
    #summary h2 { font-weight: normal; color: #666; }
    #info { padding: 0; }
    #info > * { padding:10px 20px; }
    #explanation { background:#eee; }
    #template, #template-not-exist { background:#f6f6f6; }
    #template-not-exist ul { margin: 0 0 10px 20px; }
    #template-not-exist .postmortem-section { margin-bottom: 3px; }
    #unicode-hint { background:#eee; }
    #traceback { background:#eee; }
    #requestinfo { background:#f6f6f6; padding-left:120px; }
    #summary table { border:none; background:transparent; }
    #requestinfo h2, #requestinfo h3 { position:relative; margin-left:-100px; }
    #requestinfo h3 { margin-bottom:-1em; }
    .error { background: #ffc; }
    .specific { color:#cc3300; font-weight:bold; }
    h2 span.commands { font-size: 0.7rem; font-weight:normal; }
    span.commands a:link {color:#5E5694;}
    pre.exception_value { font-family: sans-serif; color: #575757; font-size: 1.5rem; margin: 10px 0 10px 0; }
    .append-bottom { margin-bottom: 10px; }
    .fname { user-select: all; }
  </style>
  
  <script>
    function hideAll(elems) {
      for (var e = 0; e < elems.length; e++) {
        elems[e].style.display = 'none';
      }
    }
    window.onload = function() {
      hideAll(document.querySelectorAll('ol.pre-context'));
      hideAll(document.querySelectorAll('ol.post-context'));
      hideAll(document.querySelectorAll('div.pastebin'));
    }
    function toggle() {
      for (var i = 0; i < arguments.length; i++) {
        var e = document.getElementById(arguments[i]);
        if (e) {
          e.style.display = e.style.display == 'none' ? 'block': 'none';
        }
      }
      return false;
    }
    function switchPastebinFriendly(link) {
      s1 = "Switch to copy-and-paste view";
      s2 = "Switch back to interactive view";
      link.textContent = link.textContent.trim() == s1 ? s2: s1;
      toggle('browserTraceback', 'pastebinTraceback');
      return false;
    }
  </script>
  
</head>
<body>
<header id="summary">
  <h1>NameError
       at /depannage/api/chat/conversations/get_or_create/</h1>
  <pre class="exception_value">name &#x27;User&#x27; is not defined</pre>
  <table class="meta">

    <tr>
      <th scope="row">Request Method:</th>
      <td>POST</td>
    </tr>
    <tr>
      <th scope="row">Request URL:</th>
      <td>http://127.0.0.1:8000/depannage/api/chat/conversations/get_or_create/</td>
    </tr>

    <tr>
      <th scope="row">Django Version:</th>
      <td>5.2.4</td>
    </tr>

    <tr>
      <th scope="row">Exception Type:</th>
      <td>NameError</td>
    </tr>


    <tr>
      <th scope="row">Exception Value:</th>
      <td><pre>name &#x27;User&#x27; is not defined</pre></td>
    </tr>


    <tr>
      <th scope="row">Exception Location:</th>
      <td><span class="fname">/Users/mohamedbechirdiarra/Downloads/prototypeGamma/Backend/depannage/views.py</span>, line 2320, in get_or_create_conversation</td>
    </tr>


    <tr>
      <th scope="row">Raised during:</th>
      <td>depannage.views.ChatConversationViewSet</td>
    </tr>

    <tr>
      <th scope="row">Python Executable:</th>
      <td>/Users/mohamedbechirdiarra/Downloads/prototypeGamma/Backend/venv/bin/python3.13</td>
    </tr>
    <tr>
      <th scope="row">Python Version:</th>
      <td>3.13.5</td>
    </tr>
    <tr>
      <th scope="row">Python Path:</th>
      <td><pre><code>[&#x27;.&#x27;,
 &#x27;/Users/mohamedbechirdiarra/Downloads/prototypeGamma/Backend/venv/bin&#x27;,
 &#x27;/Users/mohamedbechirdiarra/Downloads/prototypeGamma&#x27;,
 &#x27;/Users/mohamedbechirdiarra/Downloads/prototypeGamma/Backend&#x27;,
 &#x27;/opt/homebrew/Cellar/python@3.13/3.13.5/Frameworks/Python.framework/Versions/3.13/lib/python313.zip&#x27;,
 &#x27;/opt/homebrew/Cellar/python@3.13/3.13.5/Frameworks/Python.framework/Versions/3.13/lib/python3.13&#x27;,
 &#x27;/opt/homebrew/Cellar/python@3.13/3.13.5/Frameworks/Python.framework/Versions/3.13/lib/python3.13/lib-dynload&#x27;,
 &#x27;/Users/mohamedbechirdiarra/Downloads/prototypeGamma/Backend/venv/lib/python3.13/site-packages&#x27;]</code></pre></td>
    </tr>
    <tr>
      <th scope="row">Server time:</th>
      <td>Mon, 14 Jul 2025 12:22:32 +0000</td>
    </tr>
  </table>
</header>

<main id="info">




<div id="traceback">
  <h2>Traceback <span class="commands"><a href="#" role="button" onclick="return switchPastebinFriendly(this);">
    Switch to copy-and-paste view</a></span>
  </h2>
  <div id="browserTraceback">
    <ul class="traceback">
      
        
        <li class="frame user">
          
            <code class="fname">/Users/mohamedbechirdiarra/Downloads/prototypeGamma/Backend/depannage/views.py</code>, line 2300, in get_or_create_conversation
          

          
            <div class="context" id="c4437104896">
              
                <ol start="2293" class="pre-context" id="pre4437104896">
                
                  <li onclick="toggle('pre4437104896', 'post4437104896')"><pre>    def get_or_create_conversation(self, request):</pre></li>
                
                  <li onclick="toggle('pre4437104896', 'post4437104896')"><pre>        &quot;&quot;&quot;Récupère ou crée une conversation optimisée.&quot;&quot;&quot;</pre></li>
                
                  <li onclick="toggle('pre4437104896', 'post4437104896')"><pre>        user = request.user</pre></li>
                
                  <li onclick="toggle('pre4437104896', 'post4437104896')"><pre>        other_user_id = request.data.get(&#x27;other_user_id&#x27;)</pre></li>
                
                  <li onclick="toggle('pre4437104896', 'post4437104896')"><pre>        request_id = request.data.get(&#x27;request_id&#x27;)</pre></li>
                
                  <li onclick="toggle('pre4437104896', 'post4437104896')"><pre>        </pre></li>
                
                  <li onclick="toggle('pre4437104896', 'post4437104896')"><pre>        try:</pre></li>
                
                </ol>
              
              <ol start="2300" class="context-line">
                <li onclick="toggle('pre4437104896', 'post4437104896')"><pre>            other_user = User.objects.get(id=other_user_id)
                               ^^^^</pre> <span>…</span></li>
              </ol>
              
                <ol start='2301' class="post-context" id="post4437104896">
                  
                  <li onclick="toggle('pre4437104896', 'post4437104896')"><pre>            </pre></li>
                  
                  <li onclick="toggle('pre4437104896', 'post4437104896')"><pre>            # Chercher une conversation existante</pre></li>
                  
                  <li onclick="toggle('pre4437104896', 'post4437104896')"><pre>            conversation = ChatConversation.objects.filter(</pre></li>
                  
                  <li onclick="toggle('pre4437104896', 'post4437104896')"><pre>                Q(client=user, technician=other_user) |</pre></li>
                  
                  <li onclick="toggle('pre4437104896', 'post4437104896')"><pre>                Q(client=other_user, technician=user)</pre></li>
                  
                  <li onclick="toggle('pre4437104896', 'post4437104896')"><pre>            ).select_related(&#x27;request&#x27;).first()</pre></li>
                  
              </ol>
              
            </div>
          

          
            
              <details>
                <summary class="commands">Local vars</summary>
            
            <table class="vars" id="v4437104896">
              <thead>
                <tr>
                  <th scope="col">Variable</th>
                  <th scope="col">Value</th>
                </tr>
              </thead>
              <tbody>
                
                  <tr>
                    <td>other_user_id</td>
                    <td class="code"><pre>None</pre></td>
                  </tr>
                
                  <tr>
                    <td>request</td>
                    <td class="code"><pre>&lt;rest_framework.request.Request: POST &#x27;/depannage/api/chat/conversations/get_or_create/&#x27;&gt;</pre></td>
                  </tr>
                
                  <tr>
                    <td>request_id</td>
                    <td class="code"><pre>None</pre></td>
                  </tr>
                
                  <tr>
                    <td>self</td>
                    <td class="code"><pre>&lt;depannage.views.ChatConversationViewSet object at 0x10879b5f0&gt;</pre></td>
                  </tr>
                
                  <tr>
                    <td>user</td>
                    <td class="code"><pre>&lt;User: client2 (Client)&gt;</pre></td>
                  </tr>
                
              </tbody>
            </table>
            </details>
          
        </li>
      
        
          <li class="cause"><h3>
          
            During handling of the above exception (name &#x27;User&#x27; is not defined), another exception occurred:
          
        </h3></li>
        
        <li class="frame django">
          
            <code class="fname">/Users/mohamedbechirdiarra/Downloads/prototypeGamma/Backend/venv/lib/python3.13/site-packages/django/core/handlers/exception.py</code>, line 42, in inner
          

          
            <div class="context" id="c4436850944">
              
                <ol start="35" class="pre-context" id="pre4436850944">
                
                  <li onclick="toggle('pre4436850944', 'post4436850944')"><pre>    can rely on getting a response instead of an exception.</pre></li>
                
                  <li onclick="toggle('pre4436850944', 'post4436850944')"><pre>    &quot;&quot;&quot;</pre></li>
                
                  <li onclick="toggle('pre4436850944', 'post4436850944')"><pre>    if iscoroutinefunction(get_response):</pre></li>
                
                  <li onclick="toggle('pre4436850944', 'post4436850944')"><pre></pre></li>
                
                  <li onclick="toggle('pre4436850944', 'post4436850944')"><pre>        @wraps(get_response)</pre></li>
                
                  <li onclick="toggle('pre4436850944', 'post4436850944')"><pre>        async def inner(request):</pre></li>
                
                  <li onclick="toggle('pre4436850944', 'post4436850944')"><pre>            try:</pre></li>
                
                </ol>
              
              <ol start="42" class="context-line">
                <li onclick="toggle('pre4436850944', 'post4436850944')"><pre>                response = await get_response(request)
                               ^^^^^^^^^^^^^^^^^^^^^^^^^^^</pre> <span>…</span></li>
              </ol>
              
                <ol start='43' class="post-context" id="post4436850944">
                  
                  <li onclick="toggle('pre4436850944', 'post4436850944')"><pre>            except Exception as exc:</pre></li>
                  
                  <li onclick="toggle('pre4436850944', 'post4436850944')"><pre>                response = await sync_to_async(</pre></li>
                  
                  <li onclick="toggle('pre4436850944', 'post4436850944')"><pre>                    response_for_exception, thread_sensitive=False</pre></li>
                  
                  <li onclick="toggle('pre4436850944', 'post4436850944')"><pre>                )(request, exc)</pre></li>
                  
                  <li onclick="toggle('pre4436850944', 'post4436850944')"><pre>            return response</pre></li>
                  
                  <li onclick="toggle('pre4436850944', 'post4436850944')"><pre></pre></li>
                  
              </ol>
              
            </div>
          

          
            
              <details>
                <summary class="commands">Local vars</summary>
            
            <table class="vars" id="v4436850944">
              <thead>
                <tr>
                  <th scope="col">Variable</th>
                  <th scope="col">Value</th>
                </tr>
              </thead>
              <tbody>
                
                  <tr>
                    <td>exc</td>
                    <td class="code"><pre>NameError(&quot;name &#x27;User&#x27; is not defined&quot;)</pre></td>
                  </tr>
                
                  <tr>
                    <td>get_response</td>
                    <td class="code"><pre>&lt;bound method BaseHandler._get_response_async of &lt;django.core.handlers.asgi.ASGIHandler object at 0x107235940&gt;&gt;</pre></td>
                  </tr>
                
                  <tr>
                    <td>request</td>
                    <td class="code"><pre>&lt;ASGIRequest: POST &#x27;/depannage/api/chat/conversations/get_or_create/&#x27;&gt;</pre></td>
                  </tr>
                
              </tbody>
            </table>
            </details>
          
        </li>
      
        
        <li class="frame django">
          
            <code class="fname">/Users/mohamedbechirdiarra/Downloads/prototypeGamma/Backend/venv/lib/python3.13/site-packages/django/core/handlers/base.py</code>, line 253, in _get_response_async
          

          
            <div class="context" id="c4436803328">
              
                <ol start="246" class="pre-context" id="pre4436803328">
                
                  <li onclick="toggle('pre4436803328', 'post4436803328')"><pre>            wrapped_callback = self.make_view_atomic(callback)</pre></li>
                
                  <li onclick="toggle('pre4436803328', 'post4436803328')"><pre>            # If it is a synchronous view, run it in a subthread</pre></li>
                
                  <li onclick="toggle('pre4436803328', 'post4436803328')"><pre>            if not iscoroutinefunction(wrapped_callback):</pre></li>
                
                  <li onclick="toggle('pre4436803328', 'post4436803328')"><pre>                wrapped_callback = sync_to_async(</pre></li>
                
                  <li onclick="toggle('pre4436803328', 'post4436803328')"><pre>                    wrapped_callback, thread_sensitive=True</pre></li>
                
                  <li onclick="toggle('pre4436803328', 'post4436803328')"><pre>                )</pre></li>
                
                  <li onclick="toggle('pre4436803328', 'post4436803328')"><pre>            try:</pre></li>
                
                </ol>
              
              <ol start="253" class="context-line">
                <li onclick="toggle('pre4436803328', 'post4436803328')"><pre>                response = await wrapped_callback(
                                </pre> <span>…</span></li>
              </ol>
              
                <ol start='254' class="post-context" id="post4436803328">
                  
                  <li onclick="toggle('pre4436803328', 'post4436803328')"><pre>                    request, *callback_args, **callback_kwargs</pre></li>
                  
                  <li onclick="toggle('pre4436803328', 'post4436803328')"><pre>                )</pre></li>
                  
                  <li onclick="toggle('pre4436803328', 'post4436803328')"><pre>            except Exception as e:</pre></li>
                  
                  <li onclick="toggle('pre4436803328', 'post4436803328')"><pre>                response = await sync_to_async(</pre></li>
                  
                  <li onclick="toggle('pre4436803328', 'post4436803328')"><pre>                    self.process_exception_by_middleware,</pre></li>
                  
                  <li onclick="toggle('pre4436803328', 'post4436803328')"><pre>                    thread_sensitive=True,</pre></li>
                  
              </ol>
              
            </div>
          

          
            
              <details>
                <summary class="commands">Local vars</summary>
            
            <table class="vars" id="v4436803328">
              <thead>
                <tr>
                  <th scope="col">Variable</th>
                  <th scope="col">Value</th>
                </tr>
              </thead>
              <tbody>
                
                  <tr>
                    <td>callback</td>
                    <td class="code"><pre>&lt;function ChatConversationViewSet at 0x1081cb740&gt;</pre></td>
                  </tr>
                
                  <tr>
                    <td>callback_args</td>
                    <td class="code"><pre>()</pre></td>
                  </tr>
                
                  <tr>
                    <td>callback_kwargs</td>
                    <td class="code"><pre>{}</pre></td>
                  </tr>
                
                  <tr>
                    <td>middleware_method</td>
                    <td class="code"><pre>&lt;asgiref.sync.SyncToAsync object at 0x10727f8c0&gt;</pre></td>
                  </tr>
                
                  <tr>
                    <td>request</td>
                    <td class="code"><pre>&lt;ASGIRequest: POST &#x27;/depannage/api/chat/conversations/get_or_create/&#x27;&gt;</pre></td>
                  </tr>
                
                  <tr>
                    <td>response</td>
                    <td class="code"><pre>None</pre></td>
                  </tr>
                
                  <tr>
                    <td>self</td>
                    <td class="code"><pre>&lt;django.core.handlers.asgi.ASGIHandler object at 0x107235940&gt;</pre></td>
                  </tr>
                
                  <tr>
                    <td>wrapped_callback</td>
                    <td class="code"><pre>&lt;asgiref.sync.SyncToAsync object at 0x10821a990&gt;</pre></td>
                  </tr>
                
              </tbody>
            </table>
            </details>
          
        </li>
      
        
        <li class="frame django">
          
            <code class="fname">/Users/mohamedbechirdiarra/Downloads/prototypeGamma/Backend/venv/lib/python3.13/site-packages/django/views/decorators/csrf.py</code>, line 65, in _view_wrapper
          

          
            <div class="context" id="c4436841280">
              
                <ol start="58" class="pre-context" id="pre4436841280">
                
                  <li onclick="toggle('pre4436841280', 'post4436841280')"><pre></pre></li>
                
                  <li onclick="toggle('pre4436841280', 'post4436841280')"><pre>        async def _view_wrapper(request, *args, **kwargs):</pre></li>
                
                  <li onclick="toggle('pre4436841280', 'post4436841280')"><pre>            return await view_func(request, *args, **kwargs)</pre></li>
                
                  <li onclick="toggle('pre4436841280', 'post4436841280')"><pre></pre></li>
                
                  <li onclick="toggle('pre4436841280', 'post4436841280')"><pre>    else:</pre></li>
                
                  <li onclick="toggle('pre4436841280', 'post4436841280')"><pre></pre></li>
                
                  <li onclick="toggle('pre4436841280', 'post4436841280')"><pre>        def _view_wrapper(request, *args, **kwargs):</pre></li>
                
                </ol>
              
              <ol start="65" class="context-line">
                <li onclick="toggle('pre4436841280', 'post4436841280')"><pre>            return view_func(request, *args, **kwargs)
                       ^^^^^^^^^^^^^^^^^^^^^^^^^^^^^^^^^^^</pre> <span>…</span></li>
              </ol>
              
                <ol start='66' class="post-context" id="post4436841280">
                  
                  <li onclick="toggle('pre4436841280', 'post4436841280')"><pre></pre></li>
                  
                  <li onclick="toggle('pre4436841280', 'post4436841280')"><pre>    _view_wrapper.csrf_exempt = True</pre></li>
                  
                  <li onclick="toggle('pre4436841280', 'post4436841280')"><pre></pre></li>
                  
                  <li onclick="toggle('pre4436841280', 'post4436841280')"><pre>    return wraps(view_func)(_view_wrapper)</pre></li>
                  
              </ol>
              
            </div>
          

          
            
              <details>
                <summary class="commands">Local vars</summary>
            
            <table class="vars" id="v4436841280">
              <thead>
                <tr>
                  <th scope="col">Variable</th>
                  <th scope="col">Value</th>
                </tr>
              </thead>
              <tbody>
                
                  <tr>
                    <td>args</td>
                    <td class="code"><pre>()</pre></td>
                  </tr>
                
                  <tr>
                    <td>kwargs</td>
                    <td class="code"><pre>{}</pre></td>
                  </tr>
                
                  <tr>
                    <td>request</td>
                    <td class="code"><pre>&lt;ASGIRequest: POST &#x27;/depannage/api/chat/conversations/get_or_create/&#x27;&gt;</pre></td>
                  </tr>
                
                  <tr>
                    <td>view_func</td>
                    <td class="code"><pre>&lt;function ChatConversationViewSet at 0x1081cb6a0&gt;</pre></td>
                  </tr>
                
              </tbody>
            </table>
            </details>
          
        </li>
      
        
        <li class="frame user">
          
            <code class="fname">/Users/mohamedbechirdiarra/Downloads/prototypeGamma/Backend/venv/lib/python3.13/site-packages/rest_framework/viewsets.py</code>, line 125, in view
          

          
            <div class="context" id="c4437102080">
              
                <ol start="118" class="pre-context" id="pre4437102080">
                
                  <li onclick="toggle('pre4437102080', 'post4437102080')"><pre>                setattr(self, method, handler)</pre></li>
                
                  <li onclick="toggle('pre4437102080', 'post4437102080')"><pre></pre></li>
                
                  <li onclick="toggle('pre4437102080', 'post4437102080')"><pre>            self.request = request</pre></li>
                
                  <li onclick="toggle('pre4437102080', 'post4437102080')"><pre>            self.args = args</pre></li>
                
                  <li onclick="toggle('pre4437102080', 'post4437102080')"><pre>            self.kwargs = kwargs</pre></li>
                
                  <li onclick="toggle('pre4437102080', 'post4437102080')"><pre></pre></li>
                
                  <li onclick="toggle('pre4437102080', 'post4437102080')"><pre>            # And continue as usual</pre></li>
                
                </ol>
              
              <ol start="125" class="context-line">
                <li onclick="toggle('pre4437102080', 'post4437102080')"><pre>            return self.dispatch(request, *args, **kwargs)
                        ^^^^^^^^^^^^^^^^^^^^^^^^^^^^^^^^^^^^^^^</pre> <span>…</span></li>
              </ol>
              
                <ol start='126' class="post-context" id="post4437102080">
                  
                  <li onclick="toggle('pre4437102080', 'post4437102080')"><pre></pre></li>
                  
                  <li onclick="toggle('pre4437102080', 'post4437102080')"><pre>        # take name and docstring from class</pre></li>
                  
                  <li onclick="toggle('pre4437102080', 'post4437102080')"><pre>        update_wrapper(view, cls, updated=())</pre></li>
                  
                  <li onclick="toggle('pre4437102080', 'post4437102080')"><pre></pre></li>
                  
                  <li onclick="toggle('pre4437102080', 'post4437102080')"><pre>        # and possible attributes set by decorators</pre></li>
                  
                  <li onclick="toggle('pre4437102080', 'post4437102080')"><pre>        # like csrf_exempt from dispatch</pre></li>
                  
              </ol>
              
            </div>
          

          
            
              <details>
                <summary class="commands">Local vars</summary>
            
            <table class="vars" id="v4437102080">
              <thead>
                <tr>
                  <th scope="col">Variable</th>
                  <th scope="col">Value</th>
                </tr>
              </thead>
              <tbody>
                
                  <tr>
                    <td>action</td>
                    <td class="code"><pre>&#x27;get_or_create_conversation&#x27;</pre></td>
                  </tr>
                
                  <tr>
                    <td>actions</td>
                    <td class="code"><pre>{&#x27;post&#x27;: &#x27;get_or_create_conversation&#x27;}</pre></td>
                  </tr>
                
                  <tr>
                    <td>args</td>
                    <td class="code"><pre>()</pre></td>
                  </tr>
                
                  <tr>
                    <td>cls</td>
                    <td class="code"><pre>&lt;class &#x27;depannage.views.ChatConversationViewSet&#x27;&gt;</pre></td>
                  </tr>
                
                  <tr>
                    <td>handler</td>
                    <td class="code"><pre>&lt;bound method ChatConversationViewSet.get_or_create_conversation of &lt;depannage.views.ChatConversationViewSet object at 0x10879b5f0&gt;&gt;</pre></td>
                  </tr>
                
                  <tr>
                    <td>initkwargs</td>
                    <td class="code"><pre>{&#x27;basename&#x27;: &#x27;chat-conversation&#x27;,
 &#x27;description&#x27;: &#x27;Récupère ou crée une conversation optimisée.&#x27;,
 &#x27;detail&#x27;: False,
 &#x27;name&#x27;: &#x27;Get or create conversation&#x27;}</pre></td>
                  </tr>
                
                  <tr>
                    <td>kwargs</td>
                    <td class="code"><pre>{}</pre></td>
                  </tr>
                
                  <tr>
                    <td>method</td>
                    <td class="code"><pre>&#x27;post&#x27;</pre></td>
                  </tr>
                
                  <tr>
                    <td>request</td>
                    <td class="code"><pre>&lt;ASGIRequest: POST &#x27;/depannage/api/chat/conversations/get_or_create/&#x27;&gt;</pre></td>
                  </tr>
                
                  <tr>
                    <td>self</td>
                    <td class="code"><pre>&lt;depannage.views.ChatConversationViewSet object at 0x10879b5f0&gt;</pre></td>
                  </tr>
                
              </tbody>
            </table>
            </details>
          
        </li>
      
        
        <li class="frame user">
          
            <code class="fname">/Users/mohamedbechirdiarra/Downloads/prototypeGamma/Backend/venv/lib/python3.13/site-packages/rest_framework/views.py</code>, line 515, in dispatch
          

          
            <div class="context" id="c4436850432">
              
                <ol start="508" class="pre-context" id="pre4436850432">
                
                  <li onclick="toggle('pre4436850432', 'post4436850432')"><pre>                                  self.http_method_not_allowed)</pre></li>
                
                  <li onclick="toggle('pre4436850432', 'post4436850432')"><pre>            else:</pre></li>
                
                  <li onclick="toggle('pre4436850432', 'post4436850432')"><pre>                handler = self.http_method_not_allowed</pre></li>
                
                  <li onclick="toggle('pre4436850432', 'post4436850432')"><pre></pre></li>
                
                  <li onclick="toggle('pre4436850432', 'post4436850432')"><pre>            response = handler(request, *args, **kwargs)</pre></li>
                
                  <li onclick="toggle('pre4436850432', 'post4436850432')"><pre></pre></li>
                
                  <li onclick="toggle('pre4436850432', 'post4436850432')"><pre>        except Exception as exc:</pre></li>
                
                </ol>
              
              <ol start="515" class="context-line">
                <li onclick="toggle('pre4436850432', 'post4436850432')"><pre>            response = self.handle_exception(exc)
                            ^^^^^^^^^^^^^^^^^^^^^^^^^^</pre> <span>…</span></li>
              </ol>
              
                <ol start='516' class="post-context" id="post4436850432">
                  
                  <li onclick="toggle('pre4436850432', 'post4436850432')"><pre></pre></li>
                  
                  <li onclick="toggle('pre4436850432', 'post4436850432')"><pre>        self.response = self.finalize_response(request, response, *args, **kwargs)</pre></li>
                  
                  <li onclick="toggle('pre4436850432', 'post4436850432')"><pre>        return self.response</pre></li>
                  
                  <li onclick="toggle('pre4436850432', 'post4436850432')"><pre></pre></li>
                  
                  <li onclick="toggle('pre4436850432', 'post4436850432')"><pre>    def options(self, request, *args, **kwargs):</pre></li>
                  
                  <li onclick="toggle('pre4436850432', 'post4436850432')"><pre>        &quot;&quot;&quot;</pre></li>
                  
              </ol>
              
            </div>
          

          
            
              <details>
                <summary class="commands">Local vars</summary>
            
            <table class="vars" id="v4436850432">
              <thead>
                <tr>
                  <th scope="col">Variable</th>
                  <th scope="col">Value</th>
                </tr>
              </thead>
              <tbody>
                
                  <tr>
                    <td>args</td>
                    <td class="code"><pre>()</pre></td>
                  </tr>
                
                  <tr>
                    <td>handler</td>
                    <td class="code"><pre>&lt;bound method ChatConversationViewSet.get_or_create_conversation of &lt;depannage.views.ChatConversationViewSet object at 0x10879b5f0&gt;&gt;</pre></td>
                  </tr>
                
                  <tr>
                    <td>kwargs</td>
                    <td class="code"><pre>{}</pre></td>
                  </tr>
                
                  <tr>
                    <td>request</td>
                    <td class="code"><pre>&lt;rest_framework.request.Request: POST &#x27;/depannage/api/chat/conversations/get_or_create/&#x27;&gt;</pre></td>
                  </tr>
                
                  <tr>
                    <td>self</td>
                    <td class="code"><pre>&lt;depannage.views.ChatConversationViewSet object at 0x10879b5f0&gt;</pre></td>
                  </tr>
                
              </tbody>
            </table>
            </details>
          
        </li>
      
        
        <li class="frame user">
          
            <code class="fname">/Users/mohamedbechirdiarra/Downloads/prototypeGamma/Backend/venv/lib/python3.13/site-packages/rest_framework/views.py</code>, line 475, in handle_exception
          

          
            <div class="context" id="c4436840704">
              
                <ol start="468" class="pre-context" id="pre4436840704">
                
                  <li onclick="toggle('pre4436840704', 'post4436840704')"><pre></pre></li>
                
                  <li onclick="toggle('pre4436840704', 'post4436840704')"><pre>        exception_handler = self.get_exception_handler()</pre></li>
                
                  <li onclick="toggle('pre4436840704', 'post4436840704')"><pre></pre></li>
                
                  <li onclick="toggle('pre4436840704', 'post4436840704')"><pre>        context = self.get_exception_handler_context()</pre></li>
                
                  <li onclick="toggle('pre4436840704', 'post4436840704')"><pre>        response = exception_handler(exc, context)</pre></li>
                
                  <li onclick="toggle('pre4436840704', 'post4436840704')"><pre></pre></li>
                
                  <li onclick="toggle('pre4436840704', 'post4436840704')"><pre>        if response is None:</pre></li>
                
                </ol>
              
              <ol start="475" class="context-line">
                <li onclick="toggle('pre4436840704', 'post4436840704')"><pre>            self.raise_uncaught_exception(exc)
                 ^^^^^^^^^^^^^^^^^^^^^^^^^^^^^^^^^^</pre> <span>…</span></li>
              </ol>
              
                <ol start='476' class="post-context" id="post4436840704">
                  
                  <li onclick="toggle('pre4436840704', 'post4436840704')"><pre></pre></li>
                  
                  <li onclick="toggle('pre4436840704', 'post4436840704')"><pre>        response.exception = True</pre></li>
                  
                  <li onclick="toggle('pre4436840704', 'post4436840704')"><pre>        return response</pre></li>
                  
                  <li onclick="toggle('pre4436840704', 'post4436840704')"><pre></pre></li>
                  
                  <li onclick="toggle('pre4436840704', 'post4436840704')"><pre>    def raise_uncaught_exception(self, exc):</pre></li>
                  
                  <li onclick="toggle('pre4436840704', 'post4436840704')"><pre>        if settings.DEBUG:</pre></li>
                  
              </ol>
              
            </div>
          

          
            
              <details>
                <summary class="commands">Local vars</summary>
            
            <table class="vars" id="v4436840704">
              <thead>
                <tr>
                  <th scope="col">Variable</th>
                  <th scope="col">Value</th>
                </tr>
              </thead>
              <tbody>
                
                  <tr>
                    <td>context</td>
                    <td class="code"><pre>{&#x27;args&#x27;: (),
 &#x27;kwargs&#x27;: {},
 &#x27;request&#x27;: &lt;rest_framework.request.Request: POST &#x27;/depannage/api/chat/conversations/get_or_create/&#x27;&gt;,
 &#x27;view&#x27;: &lt;depannage.views.ChatConversationViewSet object at 0x10879b5f0&gt;}</pre></td>
                  </tr>
                
                  <tr>
                    <td>exc</td>
                    <td class="code"><pre>NameError(&quot;name &#x27;User&#x27; is not defined&quot;)</pre></td>
                  </tr>
                
                  <tr>
                    <td>exception_handler</td>
                    <td class="code"><pre>&lt;function exception_handler at 0x10770f100&gt;</pre></td>
                  </tr>
                
                  <tr>
                    <td>response</td>
                    <td class="code"><pre>None</pre></td>
                  </tr>
                
                  <tr>
                    <td>self</td>
                    <td class="code"><pre>&lt;depannage.views.ChatConversationViewSet object at 0x10879b5f0&gt;</pre></td>
                  </tr>
                
              </tbody>
            </table>
            </details>
          
        </li>
      
        
        <li class="frame user">
          
            <code class="fname">/Users/mohamedbechirdiarra/Downloads/prototypeGamma/Backend/venv/lib/python3.13/site-packages/rest_framework/views.py</code>, line 486, in raise_uncaught_exception
          

          
            <div class="context" id="c4436838080">
              
                <ol start="479" class="pre-context" id="pre4436838080">
                
                  <li onclick="toggle('pre4436838080', 'post4436838080')"><pre></pre></li>
                
                  <li onclick="toggle('pre4436838080', 'post4436838080')"><pre>    def raise_uncaught_exception(self, exc):</pre></li>
                
                  <li onclick="toggle('pre4436838080', 'post4436838080')"><pre>        if settings.DEBUG:</pre></li>
                
                  <li onclick="toggle('pre4436838080', 'post4436838080')"><pre>            request = self.request</pre></li>
                
                  <li onclick="toggle('pre4436838080', 'post4436838080')"><pre>            renderer_format = getattr(request.accepted_renderer, &#x27;format&#x27;)</pre></li>
                
                  <li onclick="toggle('pre4436838080', 'post4436838080')"><pre>            use_plaintext_traceback = renderer_format not in (&#x27;html&#x27;, &#x27;api&#x27;, &#x27;admin&#x27;)</pre></li>
                
                  <li onclick="toggle('pre4436838080', 'post4436838080')"><pre>            request.force_plaintext_errors(use_plaintext_traceback)</pre></li>
                
                </ol>
              
              <ol start="486" class="context-line">
                <li onclick="toggle('pre4436838080', 'post4436838080')"><pre>        raise exc
             ^^^^^^^^^</pre> <span>…</span></li>
              </ol>
              
                <ol start='487' class="post-context" id="post4436838080">
                  
                  <li onclick="toggle('pre4436838080', 'post4436838080')"><pre></pre></li>
                  
                  <li onclick="toggle('pre4436838080', 'post4436838080')"><pre>    # Note: Views are made CSRF exempt from within `as_view` as to prevent</pre></li>
                  
                  <li onclick="toggle('pre4436838080', 'post4436838080')"><pre>    # accidental removal of this exemption in cases where `dispatch` needs to</pre></li>
                  
                  <li onclick="toggle('pre4436838080', 'post4436838080')"><pre>    # be overridden.</pre></li>
                  
                  <li onclick="toggle('pre4436838080', 'post4436838080')"><pre>    def dispatch(self, request, *args, **kwargs):</pre></li>
                  
                  <li onclick="toggle('pre4436838080', 'post4436838080')"><pre>        &quot;&quot;&quot;</pre></li>
                  
              </ol>
              
            </div>
          

          
            
              <details>
                <summary class="commands">Local vars</summary>
            
            <table class="vars" id="v4436838080">
              <thead>
                <tr>
                  <th scope="col">Variable</th>
                  <th scope="col">Value</th>
                </tr>
              </thead>
              <tbody>
                
                  <tr>
                    <td>exc</td>
                    <td class="code"><pre>NameError(&quot;name &#x27;User&#x27; is not defined&quot;)</pre></td>
                  </tr>
                
                  <tr>
                    <td>renderer_format</td>
                    <td class="code"><pre>&#x27;json&#x27;</pre></td>
                  </tr>
                
                  <tr>
                    <td>request</td>
                    <td class="code"><pre>&lt;rest_framework.request.Request: POST &#x27;/depannage/api/chat/conversations/get_or_create/&#x27;&gt;</pre></td>
                  </tr>
                
                  <tr>
                    <td>self</td>
                    <td class="code"><pre>&lt;depannage.views.ChatConversationViewSet object at 0x10879b5f0&gt;</pre></td>
                  </tr>
                
                  <tr>
                    <td>use_plaintext_traceback</td>
                    <td class="code"><pre>True</pre></td>
                  </tr>
                
              </tbody>
            </table>
            </details>
          
        </li>
      
        
        <li class="frame user">
          
            <code class="fname">/Users/mohamedbechirdiarra/Downloads/prototypeGamma/Backend/venv/lib/python3.13/site-packages/rest_framework/views.py</code>, line 512, in dispatch
          

          
            <div class="context" id="c4436840896">
              
                <ol start="505" class="pre-context" id="pre4436840896">
                
                  <li onclick="toggle('pre4436840896', 'post4436840896')"><pre>            # Get the appropriate handler method</pre></li>
                
                  <li onclick="toggle('pre4436840896', 'post4436840896')"><pre>            if request.method.lower() in self.http_method_names:</pre></li>
                
                  <li onclick="toggle('pre4436840896', 'post4436840896')"><pre>                handler = getattr(self, request.method.lower(),</pre></li>
                
                  <li onclick="toggle('pre4436840896', 'post4436840896')"><pre>                                  self.http_method_not_allowed)</pre></li>
                
                  <li onclick="toggle('pre4436840896', 'post4436840896')"><pre>            else:</pre></li>
                
                  <li onclick="toggle('pre4436840896', 'post4436840896')"><pre>                handler = self.http_method_not_allowed</pre></li>
                
                  <li onclick="toggle('pre4436840896', 'post4436840896')"><pre></pre></li>
                
                </ol>
              
              <ol start="512" class="context-line">
                <li onclick="toggle('pre4436840896', 'post4436840896')"><pre>            response = handler(request, *args, **kwargs)
                            ^^^^^^^^^^^^^^^^^^^^^^^^^^^^^^^^^</pre> <span>…</span></li>
              </ol>
              
                <ol start='513' class="post-context" id="post4436840896">
                  
                  <li onclick="toggle('pre4436840896', 'post4436840896')"><pre></pre></li>
                  
                  <li onclick="toggle('pre4436840896', 'post4436840896')"><pre>        except Exception as exc:</pre></li>
                  
                  <li onclick="toggle('pre4436840896', 'post4436840896')"><pre>            response = self.handle_exception(exc)</pre></li>
                  
                  <li onclick="toggle('pre4436840896', 'post4436840896')"><pre></pre></li>
                  
                  <li onclick="toggle('pre4436840896', 'post4436840896')"><pre>        self.response = self.finalize_response(request, response, *args, **kwargs)</pre></li>
                  
                  <li onclick="toggle('pre4436840896', 'post4436840896')"><pre>        return self.response</pre></li>
                  
              </ol>
              
            </div>
          

          
            
              <details>
                <summary class="commands">Local vars</summary>
            
            <table class="vars" id="v4436840896">
              <thead>
                <tr>
                  <th scope="col">Variable</th>
                  <th scope="col">Value</th>
                </tr>
              </thead>
              <tbody>
                
                  <tr>
                    <td>args</td>
                    <td class="code"><pre>()</pre></td>
                  </tr>
                
                  <tr>
                    <td>handler</td>
                    <td class="code"><pre>&lt;bound method ChatConversationViewSet.get_or_create_conversation of &lt;depannage.views.ChatConversationViewSet object at 0x10879b5f0&gt;&gt;</pre></td>
                  </tr>
                
                  <tr>
                    <td>kwargs</td>
                    <td class="code"><pre>{}</pre></td>
                  </tr>
                
                  <tr>
                    <td>request</td>
                    <td class="code"><pre>&lt;rest_framework.request.Request: POST &#x27;/depannage/api/chat/conversations/get_or_create/&#x27;&gt;</pre></td>
                  </tr>
                
                  <tr>
                    <td>self</td>
                    <td class="code"><pre>&lt;depannage.views.ChatConversationViewSet object at 0x10879b5f0&gt;</pre></td>
                  </tr>
                
              </tbody>
            </table>
            </details>
          
        </li>
      
        
        <li class="frame user">
          
            <code class="fname">/Users/mohamedbechirdiarra/Downloads/prototypeGamma/Backend/depannage/views.py</code>, line 2320, in get_or_create_conversation
          

          
            <div class="context" id="c4436850368">
              
                <ol start="2313" class="pre-context" id="pre4436850368">
                
                  <li onclick="toggle('pre4436850368', 'post4436850368')"><pre>                    request_id=request_id,</pre></li>
                
                  <li onclick="toggle('pre4436850368', 'post4436850368')"><pre>                    is_active=True</pre></li>
                
                  <li onclick="toggle('pre4436850368', 'post4436850368')"><pre>                )</pre></li>
                
                  <li onclick="toggle('pre4436850368', 'post4436850368')"><pre>            </pre></li>
                
                  <li onclick="toggle('pre4436850368', 'post4436850368')"><pre>            serializer = ChatConversationSerializer(conversation)</pre></li>
                
                  <li onclick="toggle('pre4436850368', 'post4436850368')"><pre>            return Response(serializer.data)</pre></li>
                
                  <li onclick="toggle('pre4436850368', 'post4436850368')"><pre>            </pre></li>
                
                </ol>
              
              <ol start="2320" class="context-line">
                <li onclick="toggle('pre4436850368', 'post4436850368')"><pre>        except User.DoesNotExist:
                     ^^^^</pre> <span>…</span></li>
              </ol>
              
                <ol start='2321' class="post-context" id="post4436850368">
                  
                  <li onclick="toggle('pre4436850368', 'post4436850368')"><pre>            return Response({&quot;error&quot;: &quot;Utilisateur non trouvé&quot;}, status=404)</pre></li>
                  
                  <li onclick="toggle('pre4436850368', 'post4436850368')"><pre>        except Exception as e:</pre></li>
                  
                  <li onclick="toggle('pre4436850368', 'post4436850368')"><pre>            logger.error(f&quot;Erreur lors de la création de conversation: {e}&quot;)</pre></li>
                  
                  <li onclick="toggle('pre4436850368', 'post4436850368')"><pre>            return Response(</pre></li>
                  
                  <li onclick="toggle('pre4436850368', 'post4436850368')"><pre>                {&quot;error&quot;: &quot;Erreur lors de la création de conversation&quot;},</pre></li>
                  
                  <li onclick="toggle('pre4436850368', 'post4436850368')"><pre>                status=500</pre></li>
                  
              </ol>
              
            </div>
          

          
            
              <details>
                <summary class="commands">Local vars</summary>
            
            <table class="vars" id="v4436850368">
              <thead>
                <tr>
                  <th scope="col">Variable</th>
                  <th scope="col">Value</th>
                </tr>
              </thead>
              <tbody>
                
                  <tr>
                    <td>other_user_id</td>
                    <td class="code"><pre>None</pre></td>
                  </tr>
                
                  <tr>
                    <td>request</td>
                    <td class="code"><pre>&lt;rest_framework.request.Request: POST &#x27;/depannage/api/chat/conversations/get_or_create/&#x27;&gt;</pre></td>
                  </tr>
                
                  <tr>
                    <td>request_id</td>
                    <td class="code"><pre>None</pre></td>
                  </tr>
                
                  <tr>
                    <td>self</td>
                    <td class="code"><pre>&lt;depannage.views.ChatConversationViewSet object at 0x10879b5f0&gt;</pre></td>
                  </tr>
                
                  <tr>
                    <td>user</td>
                    <td class="code"><pre>&lt;User: client2 (Client)&gt;</pre></td>
                  </tr>
                
              </tbody>
            </table>
            </details>
          
        </li>
      
    </ul>
  </div>

  <form action="https://dpaste.com/" name="pasteform" id="pasteform" method="post">
  <div id="pastebinTraceback" class="pastebin">
    <input type="hidden" name="language" value="PythonConsole">
    <input type="hidden" name="title"
      value="NameError at /depannage/api/chat/conversations/get_or_create/">
    <input type="hidden" name="source" value="Django Dpaste Agent">
    <input type="hidden" name="poster" value="Django">
    <textarea name="content" id="traceback_area" cols="140" rows="25">
Environment:


Request Method: POST
Request URL: http://127.0.0.1:8000/depannage/api/chat/conversations/get_or_create/

Django Version: 5.2.4
Python Version: 3.13.5
Installed Applications:
[&#x27;django.contrib.admin&#x27;,
 &#x27;django.contrib.auth&#x27;,
 &#x27;django.contrib.contenttypes&#x27;,
 &#x27;django.contrib.sessions&#x27;,
 &#x27;django.contrib.messages&#x27;,
 &#x27;django.contrib.staticfiles&#x27;,
 &#x27;rest_framework&#x27;,
 &#x27;corsheaders&#x27;,
 &#x27;users&#x27;,
 &#x27;depannage&#x27;,
 &#x27;rest_framework_simplejwt&#x27;,
 &#x27;rest_framework_simplejwt.token_blacklist&#x27;,
 &#x27;channels&#x27;]
Installed Middleware:
[&#x27;corsheaders.middleware.CorsMiddleware&#x27;,
 &#x27;django.middleware.security.SecurityMiddleware&#x27;,
 &#x27;django.contrib.sessions.middleware.SessionMiddleware&#x27;,
 &#x27;django.middleware.common.CommonMiddleware&#x27;,
 &#x27;django.middleware.csrf.CsrfViewMiddleware&#x27;,
 &#x27;django.contrib.auth.middleware.AuthenticationMiddleware&#x27;,
 &#x27;django.contrib.messages.middleware.MessageMiddleware&#x27;,
 &#x27;django.middleware.clickjacking.XFrameOptionsMiddleware&#x27;,
 &#x27;auth.middleware.JWTSecurityMiddleware&#x27;,
 &#x27;auth.middleware.TokenValidationMiddleware&#x27;]



Traceback (most recent call last):
  File "/Users/mohamedbechirdiarra/Downloads/prototypeGamma/Backend/depannage/views.py", line 2300, in get_or_create_conversation
    other_user = User.objects.get(id=other_user_id)
                 ^^^^

During handling of the above exception (name &#x27;User&#x27; is not defined), another exception occurred:
  File "/Users/mohamedbechirdiarra/Downloads/prototypeGamma/Backend/venv/lib/python3.13/site-packages/django/core/handlers/exception.py", line 42, in inner
    response = await get_response(request)
               ^^^^^^^^^^^^^^^^^^^^^^^^^^^
  File "/Users/mohamedbechirdiarra/Downloads/prototypeGamma/Backend/venv/lib/python3.13/site-packages/django/core/handlers/base.py", line 253, in _get_response_async
    response = await wrapped_callback(
               
  File "/Users/mohamedbechirdiarra/Downloads/prototypeGamma/Backend/venv/lib/python3.13/site-packages/django/views/decorators/csrf.py", line 65, in _view_wrapper
    return view_func(request, *args, **kwargs)
           ^^^^^^^^^^^^^^^^^^^^^^^^^^^^^^^^^^^
  File "/Users/mohamedbechirdiarra/Downloads/prototypeGamma/Backend/venv/lib/python3.13/site-packages/rest_framework/viewsets.py", line 125, in view
    return self.dispatch(request, *args, **kwargs)
           ^^^^^^^^^^^^^^^^^^^^^^^^^^^^^^^^^^^^^^^
  File "/Users/mohamedbechirdiarra/Downloads/prototypeGamma/Backend/venv/lib/python3.13/site-packages/rest_framework/views.py", line 515, in dispatch
    response = self.handle_exception(exc)
               ^^^^^^^^^^^^^^^^^^^^^^^^^^
  File "/Users/mohamedbechirdiarra/Downloads/prototypeGamma/Backend/venv/lib/python3.13/site-packages/rest_framework/views.py", line 475, in handle_exception
    self.raise_uncaught_exception(exc)
    ^^^^^^^^^^^^^^^^^^^^^^^^^^^^^^^^^^
  File "/Users/mohamedbechirdiarra/Downloads/prototypeGamma/Backend/venv/lib/python3.13/site-packages/rest_framework/views.py", line 486, in raise_uncaught_exception
    raise exc
    ^^^^^^^^^
  File "/Users/mohamedbechirdiarra/Downloads/prototypeGamma/Backend/venv/lib/python3.13/site-packages/rest_framework/views.py", line 512, in dispatch
    response = handler(request, *args, **kwargs)
               ^^^^^^^^^^^^^^^^^^^^^^^^^^^^^^^^^
  File "/Users/mohamedbechirdiarra/Downloads/prototypeGamma/Backend/depannage/views.py", line 2320, in get_or_create_conversation
    except User.DoesNotExist:
           ^^^^

Exception Type: NameError at /depannage/api/chat/conversations/get_or_create/
Exception Value: name &#x27;User&#x27; is not defined
</textarea>
  <br><br>
  <input type="submit" value="Share this traceback on a public website">
  </div>
</form>

</div>


<div id="requestinfo">
  <h2>Request information</h2>


  
    <h3 id="user-info">USER</h3>
    <p>client2 (Client)</p>
  

  <h3 id="get-info">GET</h3>
  
    <p>No GET data</p>
  

  <h3 id="post-info">POST</h3>
  
    <p>No POST data</p>
  

  <h3 id="files-info">FILES</h3>
  
    <p>No FILES data</p>
  

  <h3 id="cookie-info">COOKIES</h3>
  
    <p>No cookie data</p>
  

  <h3 id="meta-info">META</h3>
  <table class="req">
    <thead>
      <tr>
        <th scope="col">Variable</th>
        <th scope="col">Value</th>
      </tr>
    </thead>
    <tbody>
      
        <tr>
          <td>CONTENT_LENGTH</td>
          <td class="code"><pre>&#x27;36&#x27;</pre></td>
        </tr>
      
        <tr>
          <td>CONTENT_TYPE</td>
          <td class="code"><pre>&#x27;application/json&#x27;</pre></td>
        </tr>
      
        <tr>
          <td>HTTP_ACCEPT</td>
          <td class="code"><pre>&#x27;*/*&#x27;</pre></td>
        </tr>
      
        <tr>
          <td>HTTP_ACCEPT_ENCODING</td>
          <td class="code"><pre>&#x27;gzip, deflate&#x27;</pre></td>
        </tr>
      
        <tr>
          <td>HTTP_AUTHORIZATION</td>
          <td class="code"><pre>&#x27;********************&#x27;</pre></td>
        </tr>
      
        <tr>
          <td>HTTP_CONNECTION</td>
          <td class="code"><pre>&#x27;keep-alive&#x27;</pre></td>
        </tr>
      
        <tr>
          <td>HTTP_HOST</td>
          <td class="code"><pre>&#x27;127.0.0.1:8000&#x27;</pre></td>
        </tr>
      
        <tr>
          <td>HTTP_USER_AGENT</td>
          <td class="code"><pre>&#x27;python-requests/2.32.4&#x27;</pre></td>
        </tr>
      
        <tr>
          <td>PATH_INFO</td>
          <td class="code"><pre>&#x27;/depannage/api/chat/conversations/get_or_create/&#x27;</pre></td>
        </tr>
      
        <tr>
          <td>QUERY_STRING</td>
          <td class="code"><pre>&#x27;&#x27;</pre></td>
        </tr>
      
        <tr>
          <td>REMOTE_ADDR</td>
          <td class="code"><pre>&#x27;127.0.0.1&#x27;</pre></td>
        </tr>
      
        <tr>
          <td>REMOTE_HOST</td>
          <td class="code"><pre>&#x27;127.0.0.1&#x27;</pre></td>
        </tr>
      
        <tr>
          <td>REMOTE_PORT</td>
          <td class="code"><pre>60927</pre></td>
        </tr>
      
        <tr>
          <td>REQUEST_METHOD</td>
          <td class="code"><pre>&#x27;POST&#x27;</pre></td>
        </tr>
      
        <tr>
          <td>SCRIPT_NAME</td>
          <td class="code"><pre>&#x27;&#x27;</pre></td>
        </tr>
      
        <tr>
          <td>SERVER_NAME</td>
          <td class="code"><pre>&#x27;127.0.0.1&#x27;</pre></td>
        </tr>
      
        <tr>
          <td>SERVER_PORT</td>
          <td class="code"><pre>&#x27;8000&#x27;</pre></td>
        </tr>
      
        <tr>
          <td>wsgi.multiprocess</td>
          <td class="code"><pre>True</pre></td>
        </tr>
      
        <tr>
          <td>wsgi.multithread</td>
          <td class="code"><pre>True</pre></td>
        </tr>
      
    </tbody>
  </table>


  <h3 id="settings-info">Settings</h3>
  <h4>Using settings module <code>Backend.auth.settings</code></h4>
  <table class="req">
    <thead>
      <tr>
        <th scope="col">Setting</th>
        <th scope="col">Value</th>
      </tr>
    </thead>
    <tbody>
      
        <tr>
          <td>ABSOLUTE_URL_OVERRIDES</td>
          <td class="code"><pre>{}</pre></td>
        </tr>
      
        <tr>
          <td>ADMINS</td>
          <td class="code"><pre>[]</pre></td>
        </tr>
      
        <tr>
          <td>ALLOWED_HOSTS</td>
          <td class="code"><pre>[&#x27;127.0.0.1&#x27;, &#x27;localhost&#x27;, &#x27;testserver&#x27;]</pre></td>
        </tr>
      
        <tr>
          <td>APPEND_SLASH</td>
          <td class="code"><pre>True</pre></td>
        </tr>
      
        <tr>
          <td>ASGI_APPLICATION</td>
          <td class="code"><pre>&#x27;auth.asgi.application&#x27;</pre></td>
        </tr>
      
        <tr>
          <td>AUTHENTICATION_BACKENDS</td>
          <td class="code"><pre>&#x27;********************&#x27;</pre></td>
        </tr>
      
        <tr>
          <td>AUTH_PASSWORD_VALIDATORS</td>
          <td class="code"><pre>&#x27;********************&#x27;</pre></td>
        </tr>
      
        <tr>
          <td>AUTH_USER_MODEL</td>
          <td class="code"><pre>&#x27;********************&#x27;</pre></td>
        </tr>
      
        <tr>
          <td>BASE_DIR</td>
          <td class="code"><pre>PosixPath(&#x27;/Users/mohamedbechirdiarra/Downloads/prototypeGamma/Backend&#x27;)</pre></td>
        </tr>
      
        <tr>
          <td>BASE_URL</td>
          <td class="code"><pre>&#x27;http://127.0.0.1:8000&#x27;</pre></td>
        </tr>
      
        <tr>
          <td>CACHES</td>
          <td class="code"><pre>{&#x27;default&#x27;: {&#x27;BACKEND&#x27;: &#x27;django.core.cache.backends.locmem.LocMemCache&#x27;,
             &#x27;LOCATION&#x27;: &#x27;unique-snowflake&#x27;,
             &#x27;OPTIONS&#x27;: {&#x27;MAX_ENTRIES&#x27;: 1000},
             &#x27;TIMEOUT&#x27;: 300}}</pre></td>
        </tr>
      
        <tr>
          <td>CACHE_MIDDLEWARE_ALIAS</td>
          <td class="code"><pre>&#x27;default&#x27;</pre></td>
        </tr>
      
        <tr>
          <td>CACHE_MIDDLEWARE_KEY_PREFIX</td>
          <td class="code"><pre>&#x27;********************&#x27;</pre></td>
        </tr>
      
        <tr>
          <td>CACHE_MIDDLEWARE_SECONDS</td>
          <td class="code"><pre>600</pre></td>
        </tr>
      
        <tr>
          <td>CHANNEL_LAYERS</td>
          <td class="code"><pre>{&#x27;default&#x27;: {&#x27;BACKEND&#x27;: &#x27;channels.layers.InMemoryChannelLayer&#x27;}}</pre></td>
        </tr>
      
        <tr>
          <td>CINETPAY_API_KEY</td>
          <td class="code"><pre>&#x27;********************&#x27;</pre></td>
        </tr>
      
        <tr>
          <td>CINETPAY_CONFIG</td>
          <td class="code"><pre>{&#x27;API_KEY&#x27;: &#x27;********************&#x27;,
 &#x27;API_URL&#x27;: &#x27;********************&#x27;,
 &#x27;CURRENCY&#x27;: &#x27;XOF&#x27;,
 &#x27;ENVIRONMENT&#x27;: &#x27;Production&#x27;,
 &#x27;LANG&#x27;: &#x27;fr&#x27;,
 &#x27;MODE&#x27;: &#x27;PRODUCTION&#x27;,
 &#x27;SECRET_KEY&#x27;: &#x27;********************&#x27;,
 &#x27;SITE_ID&#x27;: &#x27;105899471&#x27;,
 &#x27;USE_SIMULATOR&#x27;: False}</pre></td>
        </tr>
      
        <tr>
          <td>CINETPAY_ENVIRONMENT</td>
          <td class="code"><pre>&#x27;Production&#x27;</pre></td>
        </tr>
      
        <tr>
          <td>CINETPAY_SECRET_KEY</td>
          <td class="code"><pre>&#x27;********************&#x27;</pre></td>
        </tr>
      
        <tr>
          <td>CINETPAY_SITE_ID</td>
          <td class="code"><pre>&#x27;105899471&#x27;</pre></td>
        </tr>
      
        <tr>
          <td>CINETPAY_USE_SIMULATOR</td>
          <td class="code"><pre>False</pre></td>
        </tr>
      
        <tr>
          <td>CORS_ALLOWED_HEADERS</td>
          <td class="code"><pre>[&#x27;Content-Type&#x27;, &#x27;Authorization&#x27;, &#x27;X-Requested-With&#x27;]</pre></td>
        </tr>
      
        <tr>
          <td>CORS_ALLOWED_METHODS</td>
          <td class="code"><pre>[&#x27;GET&#x27;, &#x27;POST&#x27;, &#x27;PUT&#x27;, &#x27;DELETE&#x27;, &#x27;OPTIONS&#x27;]</pre></td>
        </tr>
      
        <tr>
          <td>CORS_ALLOWED_ORIGINS</td>
          <td class="code"><pre>[&#x27;http://localhost:5173&#x27;,
 &#x27;http://127.0.0.1:5173&#x27;,
 &#x27;http://localhost:8000&#x27;,
 &#x27;http://127.0.0.1:8000&#x27;]</pre></td>
        </tr>
      
        <tr>
          <td>CORS_ALLOW_ALL_ORIGINS</td>
          <td class="code"><pre>True</pre></td>
        </tr>
      
        <tr>
          <td>CORS_ALLOW_CREDENTIALS</td>
          <td class="code"><pre>True</pre></td>
        </tr>
      
        <tr>
          <td>CSRF_COOKIE_AGE</td>
          <td class="code"><pre>31449600</pre></td>
        </tr>
      
        <tr>
          <td>CSRF_COOKIE_DOMAIN</td>
          <td class="code"><pre>None</pre></td>
        </tr>
      
        <tr>
          <td>CSRF_COOKIE_HTTPONLY</td>
          <td class="code"><pre>True</pre></td>
        </tr>
      
        <tr>
          <td>CSRF_COOKIE_NAME</td>
          <td class="code"><pre>&#x27;csrftoken&#x27;</pre></td>
        </tr>
      
        <tr>
          <td>CSRF_COOKIE_PATH</td>
          <td class="code"><pre>&#x27;/&#x27;</pre></td>
        </tr>
      
        <tr>
          <td>CSRF_COOKIE_SAMESITE</td>
          <td class="code"><pre>&#x27;Lax&#x27;</pre></td>
        </tr>
      
        <tr>
          <td>CSRF_COOKIE_SECURE</td>
          <td class="code"><pre>True</pre></td>
        </tr>
      
        <tr>
          <td>CSRF_FAILURE_VIEW</td>
          <td class="code"><pre>&#x27;django.views.csrf.csrf_failure&#x27;</pre></td>
        </tr>
      
        <tr>
          <td>CSRF_HEADER_NAME</td>
          <td class="code"><pre>&#x27;HTTP_X_CSRFTOKEN&#x27;</pre></td>
        </tr>
      
        <tr>
          <td>CSRF_TRUSTED_ORIGINS</td>
          <td class="code"><pre>[&#x27;http://localhost:3000&#x27;, &#x27;http://127.0.0.1:3000&#x27;]</pre></td>
        </tr>
      
        <tr>
          <td>CSRF_USE_SESSIONS</td>
          <td class="code"><pre>False</pre></td>
        </tr>
      
        <tr>
          <td>DATABASES</td>
          <td class="code"><pre>{&#x27;default&#x27;: {&#x27;ATOMIC_REQUESTS&#x27;: False,
             &#x27;AUTOCOMMIT&#x27;: True,
             &#x27;CONN_HEALTH_CHECKS&#x27;: False,
             &#x27;CONN_MAX_AGE&#x27;: 0,
             &#x27;ENGINE&#x27;: &#x27;django.db.backends.sqlite3&#x27;,
             &#x27;HOST&#x27;: &#x27;&#x27;,
             &#x27;NAME&#x27;: PosixPath(&#x27;/Users/mohamedbechirdiarra/Downloads/prototypeGamma/Backend/db.sqlite3&#x27;),
             &#x27;OPTIONS&#x27;: {},
             &#x27;PASSWORD&#x27;: &#x27;********************&#x27;,
             &#x27;PORT&#x27;: &#x27;&#x27;,
             &#x27;TEST&#x27;: {&#x27;CHARSET&#x27;: None,
                      &#x27;COLLATION&#x27;: None,
                      &#x27;MIGRATE&#x27;: True,
                      &#x27;MIRROR&#x27;: None,
                      &#x27;NAME&#x27;: None},
             &#x27;TIME_ZONE&#x27;: None,
             &#x27;USER&#x27;: &#x27;&#x27;}}</pre></td>
        </tr>
      
        <tr>
          <td>DATABASE_ROUTERS</td>
          <td class="code"><pre>[]</pre></td>
        </tr>
      
        <tr>
          <td>DATA_UPLOAD_MAX_MEMORY_SIZE</td>
          <td class="code"><pre>2621440</pre></td>
        </tr>
      
        <tr>
          <td>DATA_UPLOAD_MAX_NUMBER_FIELDS</td>
          <td class="code"><pre>1000</pre></td>
        </tr>
      
        <tr>
          <td>DATA_UPLOAD_MAX_NUMBER_FILES</td>
          <td class="code"><pre>100</pre></td>
        </tr>
      
        <tr>
          <td>DATETIME_FORMAT</td>
          <td class="code"><pre>&#x27;N j, Y, P&#x27;</pre></td>
        </tr>
      
        <tr>
          <td>DATETIME_INPUT_FORMATS</td>
          <td class="code"><pre>[&#x27;%Y-%m-%d %H:%M:%S&#x27;,
 &#x27;%Y-%m-%d %H:%M:%S.%f&#x27;,
 &#x27;%Y-%m-%d %H:%M&#x27;,
 &#x27;%m/%d/%Y %H:%M:%S&#x27;,
 &#x27;%m/%d/%Y %H:%M:%S.%f&#x27;,
 &#x27;%m/%d/%Y %H:%M&#x27;,
 &#x27;%m/%d/%y %H:%M:%S&#x27;,
 &#x27;%m/%d/%y %H:%M:%S.%f&#x27;,
 &#x27;%m/%d/%y %H:%M&#x27;]</pre></td>
        </tr>
      
        <tr>
          <td>DATE_FORMAT</td>
          <td class="code"><pre>&#x27;N j, Y&#x27;</pre></td>
        </tr>
      
        <tr>
          <td>DATE_INPUT_FORMATS</td>
          <td class="code"><pre>[&#x27;%Y-%m-%d&#x27;,
 &#x27;%m/%d/%Y&#x27;,
 &#x27;%m/%d/%y&#x27;,
 &#x27;%b %d %Y&#x27;,
 &#x27;%b %d, %Y&#x27;,
 &#x27;%d %b %Y&#x27;,
 &#x27;%d %b, %Y&#x27;,
 &#x27;%B %d %Y&#x27;,
 &#x27;%B %d, %Y&#x27;,
 &#x27;%d %B %Y&#x27;,
 &#x27;%d %B, %Y&#x27;]</pre></td>
        </tr>
      
        <tr>
          <td>DEBUG</td>
          <td class="code"><pre>True</pre></td>
        </tr>
      
        <tr>
          <td>DEBUG_PROPAGATE_EXCEPTIONS</td>
          <td class="code"><pre>False</pre></td>
        </tr>
      
        <tr>
          <td>DECIMAL_SEPARATOR</td>
          <td class="code"><pre>&#x27;.&#x27;</pre></td>
        </tr>
      
        <tr>
          <td>DEFAULT_AUTO_FIELD</td>
          <td class="code"><pre>&#x27;django.db.models.BigAutoField&#x27;</pre></td>
        </tr>
      
        <tr>
          <td>DEFAULT_CHARSET</td>
          <td class="code"><pre>&#x27;utf-8&#x27;</pre></td>
        </tr>
      
        <tr>
          <td>DEFAULT_EXCEPTION_REPORTER</td>
          <td class="code"><pre>&#x27;django.views.debug.ExceptionReporter&#x27;</pre></td>
        </tr>
      
        <tr>
          <td>DEFAULT_EXCEPTION_REPORTER_FILTER</td>
          <td class="code"><pre>&#x27;django.views.debug.SafeExceptionReporterFilter&#x27;</pre></td>
        </tr>
      
        <tr>
          <td>DEFAULT_FROM_EMAIL</td>
          <td class="code"><pre>&#x27;webmaster@localhost&#x27;</pre></td>
        </tr>
      
        <tr>
          <td>DEFAULT_INDEX_TABLESPACE</td>
          <td class="code"><pre>&#x27;&#x27;</pre></td>
        </tr>
      
        <tr>
          <td>DEFAULT_TABLESPACE</td>
          <td class="code"><pre>&#x27;&#x27;</pre></td>
        </tr>
      
        <tr>
          <td>DISALLOWED_USER_AGENTS</td>
          <td class="code"><pre>[]</pre></td>
        </tr>
      
        <tr>
          <td>EMAIL_BACKEND</td>
          <td class="code"><pre>&#x27;django.core.mail.backends.console.EmailBackend&#x27;</pre></td>
        </tr>
      
        <tr>
          <td>EMAIL_HOST</td>
          <td class="code"><pre>&#x27;localhost&#x27;</pre></td>
        </tr>
      
        <tr>
          <td>EMAIL_HOST_PASSWORD</td>
          <td class="code"><pre>&#x27;********************&#x27;</pre></td>
        </tr>
      
        <tr>
          <td>EMAIL_HOST_USER</td>
          <td class="code"><pre>&#x27;&#x27;</pre></td>
        </tr>
      
        <tr>
          <td>EMAIL_PORT</td>
          <td class="code"><pre>1025</pre></td>
        </tr>
      
        <tr>
          <td>EMAIL_SSL_CERTFILE</td>
          <td class="code"><pre>None</pre></td>
        </tr>
      
        <tr>
          <td>EMAIL_SSL_KEYFILE</td>
          <td class="code"><pre>&#x27;********************&#x27;</pre></td>
        </tr>
      
        <tr>
          <td>EMAIL_SUBJECT_PREFIX</td>
          <td class="code"><pre>&#x27;[Django] &#x27;</pre></td>
        </tr>
      
        <tr>
          <td>EMAIL_TIMEOUT</td>
          <td class="code"><pre>None</pre></td>
        </tr>
      
        <tr>
          <td>EMAIL_USE_LOCALTIME</td>
          <td class="code"><pre>False</pre></td>
        </tr>
      
        <tr>
          <td>EMAIL_USE_SSL</td>
          <td class="code"><pre>False</pre></td>
        </tr>
      
        <tr>
          <td>EMAIL_USE_TLS</td>
          <td class="code"><pre>False</pre></td>
        </tr>
      
        <tr>
          <td>FILE_UPLOAD_DIRECTORY_PERMISSIONS</td>
          <td class="code"><pre>None</pre></td>
        </tr>
      
        <tr>
          <td>FILE_UPLOAD_HANDLERS</td>
          <td class="code"><pre>[&#x27;django.core.files.uploadhandler.MemoryFileUploadHandler&#x27;,
 &#x27;django.core.files.uploadhandler.TemporaryFileUploadHandler&#x27;]</pre></td>
        </tr>
      
        <tr>
          <td>FILE_UPLOAD_MAX_MEMORY_SIZE</td>
          <td class="code"><pre>2621440</pre></td>
        </tr>
      
        <tr>
          <td>FILE_UPLOAD_PERMISSIONS</td>
          <td class="code"><pre>420</pre></td>
        </tr>
      
        <tr>
          <td>FILE_UPLOAD_TEMP_DIR</td>
          <td class="code"><pre>None</pre></td>
        </tr>
      
        <tr>
          <td>FIRST_DAY_OF_WEEK</td>
          <td class="code"><pre>0</pre></td>
        </tr>
      
        <tr>
          <td>FIXTURE_DIRS</td>
          <td class="code"><pre>[]</pre></td>
        </tr>
      
        <tr>
          <td>FORCE_SCRIPT_NAME</td>
          <td class="code"><pre>None</pre></td>
        </tr>
      
        <tr>
          <td>FORMAT_MODULE_PATH</td>
          <td class="code"><pre>None</pre></td>
        </tr>
      
        <tr>
          <td>FORMS_URLFIELD_ASSUME_HTTPS</td>
          <td class="code"><pre>False</pre></td>
        </tr>
      
        <tr>
          <td>FORM_RENDERER</td>
          <td class="code"><pre>&#x27;django.forms.renderers.DjangoTemplates&#x27;</pre></td>
        </tr>
      
        <tr>
          <td>FRONTEND_URL</td>
          <td class="code"><pre>&#x27;http://127.0.0.1:5173&#x27;</pre></td>
        </tr>
      
        <tr>
          <td>GDAL_LIBRARY_PATH</td>
          <td class="code"><pre>&#x27;C:\\OSGeo4W\\bin\\gdal311.dll&#x27;</pre></td>
        </tr>
      
        <tr>
          <td>GEOLOCATION_SETTINGS</td>
          <td class="code"><pre>{&#x27;CACHE_TIMEOUT&#x27;: 3600, &#x27;DEFAULT_RADIUS_KM&#x27;: 10, &#x27;MAX_RADIUS_KM&#x27;: 50}</pre></td>
        </tr>
      
        <tr>
          <td>GEOS_LIBRARY_PATH</td>
          <td class="code"><pre>&#x27;C:\\OSGeo4W\\bin\\geos_c.dll&#x27;</pre></td>
        </tr>
      
        <tr>
          <td>IGNORABLE_404_URLS</td>
          <td class="code"><pre>[]</pre></td>
        </tr>
      
        <tr>
          <td>INSTALLED_APPS</td>
          <td class="code"><pre>[&#x27;django.contrib.admin&#x27;,
 &#x27;django.contrib.auth&#x27;,
 &#x27;django.contrib.contenttypes&#x27;,
 &#x27;django.contrib.sessions&#x27;,
 &#x27;django.contrib.messages&#x27;,
 &#x27;django.contrib.staticfiles&#x27;,
 &#x27;rest_framework&#x27;,
 &#x27;corsheaders&#x27;,
 &#x27;users&#x27;,
 &#x27;depannage&#x27;,
 &#x27;rest_framework_simplejwt&#x27;,
 &#x27;rest_framework_simplejwt.token_blacklist&#x27;,
 &#x27;channels&#x27;]</pre></td>
        </tr>
      
        <tr>
          <td>INTERNAL_IPS</td>
          <td class="code"><pre>[]</pre></td>
        </tr>
      
        <tr>
          <td>LANGUAGES</td>
          <td class="code"><pre>[(&#x27;af&#x27;, &#x27;Afrikaans&#x27;),
 (&#x27;ar&#x27;, &#x27;Arabic&#x27;),
 (&#x27;ar-dz&#x27;, &#x27;Algerian Arabic&#x27;),
 (&#x27;ast&#x27;, &#x27;Asturian&#x27;),
 (&#x27;az&#x27;, &#x27;Azerbaijani&#x27;),
 (&#x27;bg&#x27;, &#x27;Bulgarian&#x27;),
 (&#x27;be&#x27;, &#x27;Belarusian&#x27;),
 (&#x27;bn&#x27;, &#x27;Bengali&#x27;),
 (&#x27;br&#x27;, &#x27;Breton&#x27;),
 (&#x27;bs&#x27;, &#x27;Bosnian&#x27;),
 (&#x27;ca&#x27;, &#x27;Catalan&#x27;),
 (&#x27;ckb&#x27;, &#x27;Central Kurdish (Sorani)&#x27;),
 (&#x27;cs&#x27;, &#x27;Czech&#x27;),
 (&#x27;cy&#x27;, &#x27;Welsh&#x27;),
 (&#x27;da&#x27;, &#x27;Danish&#x27;),
 (&#x27;de&#x27;, &#x27;German&#x27;),
 (&#x27;dsb&#x27;, &#x27;Lower Sorbian&#x27;),
 (&#x27;el&#x27;, &#x27;Greek&#x27;),
 (&#x27;en&#x27;, &#x27;English&#x27;),
 (&#x27;en-au&#x27;, &#x27;Australian English&#x27;),
 (&#x27;en-gb&#x27;, &#x27;British English&#x27;),
 (&#x27;eo&#x27;, &#x27;Esperanto&#x27;),
 (&#x27;es&#x27;, &#x27;Spanish&#x27;),
 (&#x27;es-ar&#x27;, &#x27;Argentinian Spanish&#x27;),
 (&#x27;es-co&#x27;, &#x27;Colombian Spanish&#x27;),
 (&#x27;es-mx&#x27;, &#x27;Mexican Spanish&#x27;),
 (&#x27;es-ni&#x27;, &#x27;Nicaraguan Spanish&#x27;),
 (&#x27;es-ve&#x27;, &#x27;Venezuelan Spanish&#x27;),
 (&#x27;et&#x27;, &#x27;Estonian&#x27;),
 (&#x27;eu&#x27;, &#x27;Basque&#x27;),
 (&#x27;fa&#x27;, &#x27;Persian&#x27;),
 (&#x27;fi&#x27;, &#x27;Finnish&#x27;),
 (&#x27;fr&#x27;, &#x27;French&#x27;),
 (&#x27;fy&#x27;, &#x27;Frisian&#x27;),
 (&#x27;ga&#x27;, &#x27;Irish&#x27;),
 (&#x27;gd&#x27;, &#x27;Scottish Gaelic&#x27;),
 (&#x27;gl&#x27;, &#x27;Galician&#x27;),
 (&#x27;he&#x27;, &#x27;Hebrew&#x27;),
 (&#x27;hi&#x27;, &#x27;Hindi&#x27;),
 (&#x27;hr&#x27;, &#x27;Croatian&#x27;),
 (&#x27;hsb&#x27;, &#x27;Upper Sorbian&#x27;),
 (&#x27;hu&#x27;, &#x27;Hungarian&#x27;),
 (&#x27;hy&#x27;, &#x27;Armenian&#x27;),
 (&#x27;ia&#x27;, &#x27;Interlingua&#x27;),
 (&#x27;id&#x27;, &#x27;Indonesian&#x27;),
 (&#x27;ig&#x27;, &#x27;Igbo&#x27;),
 (&#x27;io&#x27;, &#x27;Ido&#x27;),
 (&#x27;is&#x27;, &#x27;Icelandic&#x27;),
 (&#x27;it&#x27;, &#x27;Italian&#x27;),
 (&#x27;ja&#x27;, &#x27;Japanese&#x27;),
 (&#x27;ka&#x27;, &#x27;Georgian&#x27;),
 (&#x27;kab&#x27;, &#x27;Kabyle&#x27;),
 (&#x27;kk&#x27;, &#x27;Kazakh&#x27;),
 (&#x27;km&#x27;, &#x27;Khmer&#x27;),
 (&#x27;kn&#x27;, &#x27;Kannada&#x27;),
 (&#x27;ko&#x27;, &#x27;Korean&#x27;),
 (&#x27;ky&#x27;, &#x27;Kyrgyz&#x27;),
 (&#x27;lb&#x27;, &#x27;Luxembourgish&#x27;),
 (&#x27;lt&#x27;, &#x27;Lithuanian&#x27;),
 (&#x27;lv&#x27;, &#x27;Latvian&#x27;),
 (&#x27;mk&#x27;, &#x27;Macedonian&#x27;),
 (&#x27;ml&#x27;, &#x27;Malayalam&#x27;),
 (&#x27;mn&#x27;, &#x27;Mongolian&#x27;),
 (&#x27;mr&#x27;, &#x27;Marathi&#x27;),
 (&#x27;ms&#x27;, &#x27;Malay&#x27;),
 (&#x27;my&#x27;, &#x27;Burmese&#x27;),
 (&#x27;nb&#x27;, &#x27;Norwegian Bokmål&#x27;),
 (&#x27;ne&#x27;, &#x27;Nepali&#x27;),
 (&#x27;nl&#x27;, &#x27;Dutch&#x27;),
 (&#x27;nn&#x27;, &#x27;Norwegian Nynorsk&#x27;),
 (&#x27;os&#x27;, &#x27;Ossetic&#x27;),
 (&#x27;pa&#x27;, &#x27;Punjabi&#x27;),
 (&#x27;pl&#x27;, &#x27;Polish&#x27;),
 (&#x27;pt&#x27;, &#x27;Portuguese&#x27;),
 (&#x27;pt-br&#x27;, &#x27;Brazilian Portuguese&#x27;),
 (&#x27;ro&#x27;, &#x27;Romanian&#x27;),
 (&#x27;ru&#x27;, &#x27;Russian&#x27;),
 (&#x27;sk&#x27;, &#x27;Slovak&#x27;),
 (&#x27;sl&#x27;, &#x27;Slovenian&#x27;),
 (&#x27;sq&#x27;, &#x27;Albanian&#x27;),
 (&#x27;sr&#x27;, &#x27;Serbian&#x27;),
 (&#x27;sr-latn&#x27;, &#x27;Serbian Latin&#x27;),
 (&#x27;sv&#x27;, &#x27;Swedish&#x27;),
 (&#x27;sw&#x27;, &#x27;Swahili&#x27;),
 (&#x27;ta&#x27;, &#x27;Tamil&#x27;),
 (&#x27;te&#x27;, &#x27;Telugu&#x27;),
 (&#x27;tg&#x27;, &#x27;Tajik&#x27;),
 (&#x27;th&#x27;, &#x27;Thai&#x27;),
 (&#x27;tk&#x27;, &#x27;Turkmen&#x27;),
 (&#x27;tr&#x27;, &#x27;Turkish&#x27;),
 (&#x27;tt&#x27;, &#x27;Tatar&#x27;),
 (&#x27;udm&#x27;, &#x27;Udmurt&#x27;),
 (&#x27;ug&#x27;, &#x27;Uyghur&#x27;),
 (&#x27;uk&#x27;, &#x27;Ukrainian&#x27;),
 (&#x27;ur&#x27;, &#x27;Urdu&#x27;),
 (&#x27;uz&#x27;, &#x27;Uzbek&#x27;),
 (&#x27;vi&#x27;, &#x27;Vietnamese&#x27;),
 (&#x27;zh-hans&#x27;, &#x27;Simplified Chinese&#x27;),
 (&#x27;zh-hant&#x27;, &#x27;Traditional Chinese&#x27;)]</pre></td>
        </tr>
      
        <tr>
          <td>LANGUAGES_BIDI</td>
          <td class="code"><pre>[&#x27;he&#x27;, &#x27;ar&#x27;, &#x27;ar-dz&#x27;, &#x27;ckb&#x27;, &#x27;fa&#x27;, &#x27;ug&#x27;, &#x27;ur&#x27;]</pre></td>
        </tr>
      
        <tr>
          <td>LANGUAGE_CODE</td>
          <td class="code"><pre>&#x27;en-us&#x27;</pre></td>
        </tr>
      
        <tr>
          <td>LANGUAGE_COOKIE_AGE</td>
          <td class="code"><pre>None</pre></td>
        </tr>
      
        <tr>
          <td>LANGUAGE_COOKIE_DOMAIN</td>
          <td class="code"><pre>None</pre></td>
        </tr>
      
        <tr>
          <td>LANGUAGE_COOKIE_HTTPONLY</td>
          <td class="code"><pre>False</pre></td>
        </tr>
      
        <tr>
          <td>LANGUAGE_COOKIE_NAME</td>
          <td class="code"><pre>&#x27;django_language&#x27;</pre></td>
        </tr>
      
        <tr>
          <td>LANGUAGE_COOKIE_PATH</td>
          <td class="code"><pre>&#x27;/&#x27;</pre></td>
        </tr>
      
        <tr>
          <td>LANGUAGE_COOKIE_SAMESITE</td>
          <td class="code"><pre>None</pre></td>
        </tr>
      
        <tr>
          <td>LANGUAGE_COOKIE_SECURE</td>
          <td class="code"><pre>False</pre></td>
        </tr>
      
        <tr>
          <td>LOCALE_PATHS</td>
          <td class="code"><pre>[]</pre></td>
        </tr>
      
        <tr>
          <td>LOGGING</td>
          <td class="code"><pre>{&#x27;disable_existing_loggers&#x27;: False,
 &#x27;formatters&#x27;: {&#x27;simple&#x27;: {&#x27;format&#x27;: &#x27;{levelname} {message}&#x27;, &#x27;style&#x27;: &#x27;{&#x27;},
                &#x27;verbose&#x27;: {&#x27;format&#x27;: &#x27;{levelname} {asctime} {module} &#x27;
                                      &#x27;{process:d} {thread:d} {message}&#x27;,
                            &#x27;style&#x27;: &#x27;{&#x27;}},
 &#x27;handlers&#x27;: {&#x27;file&#x27;: {&#x27;class&#x27;: &#x27;logging.FileHandler&#x27;,
                       &#x27;filename&#x27;: &#x27;django.log&#x27;,
                       &#x27;formatter&#x27;: &#x27;verbose&#x27;,
                       &#x27;level&#x27;: &#x27;INFO&#x27;},
              &#x27;security_file&#x27;: {&#x27;class&#x27;: &#x27;logging.FileHandler&#x27;,
                                &#x27;filename&#x27;: &#x27;security.log&#x27;,
                                &#x27;formatter&#x27;: &#x27;verbose&#x27;,
                                &#x27;level&#x27;: &#x27;WARNING&#x27;}},
 &#x27;loggers&#x27;: {&#x27;depannage&#x27;: {&#x27;handlers&#x27;: [&#x27;file&#x27;],
                           &#x27;level&#x27;: &#x27;INFO&#x27;,
                           &#x27;propagate&#x27;: True},
             &#x27;django&#x27;: {&#x27;handlers&#x27;: [&#x27;file&#x27;],
                        &#x27;level&#x27;: &#x27;INFO&#x27;,
                        &#x27;propagate&#x27;: True},
             &#x27;django.security&#x27;: {&#x27;handlers&#x27;: [&#x27;security_file&#x27;],
                                 &#x27;level&#x27;: &#x27;WARNING&#x27;,
                                 &#x27;propagate&#x27;: False},
             &#x27;users&#x27;: {&#x27;handlers&#x27;: [&#x27;file&#x27;],
                       &#x27;level&#x27;: &#x27;INFO&#x27;,
                       &#x27;propagate&#x27;: True}},
 &#x27;version&#x27;: 1}</pre></td>
        </tr>
      
        <tr>
          <td>LOGGING_CONFIG</td>
          <td class="code"><pre>&#x27;logging.config.dictConfig&#x27;</pre></td>
        </tr>
      
        <tr>
          <td>LOGIN_REDIRECT_URL</td>
          <td class="code"><pre>&#x27;/accounts/profile/&#x27;</pre></td>
        </tr>
      
        <tr>
          <td>LOGIN_URL</td>
          <td class="code"><pre>&#x27;/accounts/login/&#x27;</pre></td>
        </tr>
      
        <tr>
          <td>LOGOUT_REDIRECT_URL</td>
          <td class="code"><pre>None</pre></td>
        </tr>
      
        <tr>
          <td>MANAGERS</td>
          <td class="code"><pre>[]</pre></td>
        </tr>
      
        <tr>
          <td>MEDIA_ROOT</td>
          <td class="code"><pre>&#x27;/Users/mohamedbechirdiarra/Downloads/prototypeGamma/Backend/media&#x27;</pre></td>
        </tr>
      
        <tr>
          <td>MEDIA_URL</td>
          <td class="code"><pre>&#x27;/media/&#x27;</pre></td>
        </tr>
      
        <tr>
          <td>MESSAGE_STORAGE</td>
          <td class="code"><pre>&#x27;django.contrib.messages.storage.fallback.FallbackStorage&#x27;</pre></td>
        </tr>
      
        <tr>
          <td>MIDDLEWARE</td>
          <td class="code"><pre>[&#x27;corsheaders.middleware.CorsMiddleware&#x27;,
 &#x27;django.middleware.security.SecurityMiddleware&#x27;,
 &#x27;django.contrib.sessions.middleware.SessionMiddleware&#x27;,
 &#x27;django.middleware.common.CommonMiddleware&#x27;,
 &#x27;django.middleware.csrf.CsrfViewMiddleware&#x27;,
 &#x27;django.contrib.auth.middleware.AuthenticationMiddleware&#x27;,
 &#x27;django.contrib.messages.middleware.MessageMiddleware&#x27;,
 &#x27;django.middleware.clickjacking.XFrameOptionsMiddleware&#x27;,
 &#x27;auth.middleware.JWTSecurityMiddleware&#x27;,
 &#x27;auth.middleware.TokenValidationMiddleware&#x27;]</pre></td>
        </tr>
      
        <tr>
          <td>MIGRATION_MODULES</td>
          <td class="code"><pre>{}</pre></td>
        </tr>
      
        <tr>
          <td>MONTH_DAY_FORMAT</td>
          <td class="code"><pre>&#x27;F j&#x27;</pre></td>
        </tr>
      
        <tr>
          <td>NOTIFICATION_CHANNELS</td>
          <td class="code"><pre>{&#x27;email&#x27;: True, &#x27;push&#x27;: False, &#x27;sms&#x27;: False}</pre></td>
        </tr>
      
        <tr>
          <td>NUMBER_GROUPING</td>
          <td class="code"><pre>0</pre></td>
        </tr>
      
        <tr>
          <td>PASSWORD_HASHERS</td>
          <td class="code"><pre>&#x27;********************&#x27;</pre></td>
        </tr>
      
        <tr>
          <td>PASSWORD_RESET_TIMEOUT</td>
          <td class="code"><pre>&#x27;********************&#x27;</pre></td>
        </tr>
      
        <tr>
          <td>PAYMENT_SETTINGS</td>
          <td class="code"><pre>{&#x27;CINETPAY_API_KEY&#x27;: &#x27;********************&#x27;,
 &#x27;CINETPAY_ENVIRONMENT&#x27;: &#x27;Production&#x27;,
 &#x27;CINETPAY_SITE_ID&#x27;: &#x27;105899471&#x27;}</pre></td>
        </tr>
      
        <tr>
          <td>PREPEND_WWW</td>
          <td class="code"><pre>False</pre></td>
        </tr>
      
        <tr>
          <td>REST_FRAMEWORK</td>
          <td class="code"><pre>{&#x27;DEFAULT_AUTHENTICATION_CLASSES&#x27;: &#x27;********************&#x27;,
 &#x27;DEFAULT_PAGINATION_CLASS&#x27;: &#x27;rest_framework.pagination.PageNumberPagination&#x27;,
 &#x27;DEFAULT_PARSER_CLASSES&#x27;: [&#x27;rest_framework.parsers.JSONParser&#x27;,
                            &#x27;rest_framework.parsers.MultiPartParser&#x27;,
                            &#x27;rest_framework.parsers.FormParser&#x27;],
 &#x27;DEFAULT_PERMISSION_CLASSES&#x27;: [&#x27;rest_framework.permissions.IsAuthenticated&#x27;],
 &#x27;DEFAULT_RENDERER_CLASSES&#x27;: [&#x27;rest_framework.renderers.JSONRenderer&#x27;],
 &#x27;DEFAULT_THROTTLE_CLASSES&#x27;: [&#x27;rest_framework.throttling.UserRateThrottle&#x27;,
                              &#x27;rest_framework.throttling.AnonRateThrottle&#x27;,
                              &#x27;rest_framework.throttling.ScopedRateThrottle&#x27;],
 &#x27;DEFAULT_THROTTLE_RATES&#x27;: {&#x27;anon&#x27;: &#x27;10000/day&#x27;,
                            &#x27;login&#x27;: &#x27;1000/day&#x27;,
                            &#x27;password_reset&#x27;: &#x27;********************&#x27;,
                            &#x27;register&#x27;: &#x27;500/day&#x27;,
                            &#x27;user&#x27;: &#x27;50000/day&#x27;,
                            &#x27;user_me&#x27;: &#x27;1000/day&#x27;},
 &#x27;EXCEPTION_HANDLER&#x27;: &#x27;rest_framework.views.exception_handler&#x27;,
 &#x27;PAGE_SIZE&#x27;: 20}</pre></td>
        </tr>
      
        <tr>
          <td>ROOT_URLCONF</td>
          <td class="code"><pre>&#x27;auth.urls&#x27;</pre></td>
        </tr>
      
        <tr>
          <td>SECRET_KEY</td>
          <td class="code"><pre>&#x27;********************&#x27;</pre></td>
        </tr>
      
        <tr>
          <td>SECRET_KEY_FALLBACKS</td>
          <td class="code"><pre>&#x27;********************&#x27;</pre></td>
        </tr>
      
        <tr>
          <td>SECURE_BROWSER_XSS_FILTER</td>
          <td class="code"><pre>True</pre></td>
        </tr>
      
        <tr>
          <td>SECURE_CONTENT_TYPE_NOSNIFF</td>
          <td class="code"><pre>True</pre></td>
        </tr>
      
        <tr>
          <td>SECURE_CROSS_ORIGIN_OPENER_POLICY</td>
          <td class="code"><pre>&#x27;same-origin&#x27;</pre></td>
        </tr>
      
        <tr>
          <td>SECURE_HSTS_INCLUDE_SUBDOMAINS</td>
          <td class="code"><pre>True</pre></td>
        </tr>
      
        <tr>
          <td>SECURE_HSTS_PRELOAD</td>
          <td class="code"><pre>True</pre></td>
        </tr>
      
        <tr>
          <td>SECURE_HSTS_SECONDS</td>
          <td class="code"><pre>31536000</pre></td>
        </tr>
      
        <tr>
          <td>SECURE_PROXY_SSL_HEADER</td>
          <td class="code"><pre>None</pre></td>
        </tr>
      
        <tr>
          <td>SECURE_REDIRECT_EXEMPT</td>
          <td class="code"><pre>[]</pre></td>
        </tr>
      
        <tr>
          <td>SECURE_REFERRER_POLICY</td>
          <td class="code"><pre>&#x27;same-origin&#x27;</pre></td>
        </tr>
      
        <tr>
          <td>SECURE_SSL_HOST</td>
          <td class="code"><pre>None</pre></td>
        </tr>
      
        <tr>
          <td>SECURE_SSL_REDIRECT</td>
          <td class="code"><pre>False</pre></td>
        </tr>
      
        <tr>
          <td>SERVER_EMAIL</td>
          <td class="code"><pre>&#x27;root@localhost&#x27;</pre></td>
        </tr>
      
        <tr>
          <td>SESSION_CACHE_ALIAS</td>
          <td class="code"><pre>&#x27;default&#x27;</pre></td>
        </tr>
      
        <tr>
          <td>SESSION_COOKIE_AGE</td>
          <td class="code"><pre>3600</pre></td>
        </tr>
      
        <tr>
          <td>SESSION_COOKIE_DOMAIN</td>
          <td class="code"><pre>None</pre></td>
        </tr>
      
        <tr>
          <td>SESSION_COOKIE_HTTPONLY</td>
          <td class="code"><pre>True</pre></td>
        </tr>
      
        <tr>
          <td>SESSION_COOKIE_NAME</td>
          <td class="code"><pre>&#x27;sessionid&#x27;</pre></td>
        </tr>
      
        <tr>
          <td>SESSION_COOKIE_PATH</td>
          <td class="code"><pre>&#x27;/&#x27;</pre></td>
        </tr>
      
        <tr>
          <td>SESSION_COOKIE_SAMESITE</td>
          <td class="code"><pre>&#x27;Lax&#x27;</pre></td>
        </tr>
      
        <tr>
          <td>SESSION_COOKIE_SECURE</td>
          <td class="code"><pre>True</pre></td>
        </tr>
      
        <tr>
          <td>SESSION_ENGINE</td>
          <td class="code"><pre>&#x27;django.contrib.sessions.backends.db&#x27;</pre></td>
        </tr>
      
        <tr>
          <td>SESSION_EXPIRE_AT_BROWSER_CLOSE</td>
          <td class="code"><pre>True</pre></td>
        </tr>
      
        <tr>
          <td>SESSION_FILE_PATH</td>
          <td class="code"><pre>None</pre></td>
        </tr>
      
        <tr>
          <td>SESSION_SAVE_EVERY_REQUEST</td>
          <td class="code"><pre>False</pre></td>
        </tr>
      
        <tr>
          <td>SESSION_SERIALIZER</td>
          <td class="code"><pre>&#x27;django.contrib.sessions.serializers.JSONSerializer&#x27;</pre></td>
        </tr>
      
        <tr>
          <td>SETTINGS_MODULE</td>
          <td class="code"><pre>&#x27;Backend.auth.settings&#x27;</pre></td>
        </tr>
      
        <tr>
          <td>SHORT_DATETIME_FORMAT</td>
          <td class="code"><pre>&#x27;m/d/Y P&#x27;</pre></td>
        </tr>
      
        <tr>
          <td>SHORT_DATE_FORMAT</td>
          <td class="code"><pre>&#x27;m/d/Y&#x27;</pre></td>
        </tr>
      
        <tr>
          <td>SIGNING_BACKEND</td>
          <td class="code"><pre>&#x27;django.core.signing.TimestampSigner&#x27;</pre></td>
        </tr>
      
        <tr>
          <td>SILENCED_SYSTEM_CHECKS</td>
          <td class="code"><pre>[]</pre></td>
        </tr>
      
        <tr>
          <td>SIMPLE_JWT</td>
          <td class="code"><pre>{&#x27;ACCESS_TOKEN_LIFETIME&#x27;: &#x27;********************&#x27;,
 &#x27;ALGORITHM&#x27;: &#x27;HS256&#x27;,
 &#x27;AUDIENCE&#x27;: None,
 &#x27;AUTH_HEADER_NAME&#x27;: &#x27;********************&#x27;,
 &#x27;AUTH_HEADER_TYPES&#x27;: &#x27;********************&#x27;,
 &#x27;AUTH_TOKEN_CLASSES&#x27;: &#x27;********************&#x27;,
 &#x27;BLACKLIST_AFTER_ROTATION&#x27;: True,
 &#x27;ISSUER&#x27;: None,
 &#x27;JTI_CLAIM&#x27;: &#x27;jti&#x27;,
 &#x27;JWK_URL&#x27;: None,
 &#x27;LEEWAY&#x27;: 0,
 &#x27;REFRESH_TOKEN_LIFETIME&#x27;: &#x27;********************&#x27;,
 &#x27;ROTATE_REFRESH_TOKENS&#x27;: &#x27;********************&#x27;,
 &#x27;SIGNING_KEY&#x27;: &#x27;********************&#x27;,
 &#x27;SLIDING_TOKEN_LIFETIME&#x27;: &#x27;********************&#x27;,
 &#x27;SLIDING_TOKEN_REFRESH_EXP_CLAIM&#x27;: &#x27;********************&#x27;,
 &#x27;SLIDING_TOKEN_REFRESH_LIFETIME&#x27;: &#x27;********************&#x27;,
 &#x27;TOKEN_TYPE_CLAIM&#x27;: &#x27;********************&#x27;,
 &#x27;TOKEN_USER_CLASS&#x27;: &#x27;********************&#x27;,
 &#x27;UPDATE_LAST_LOGIN&#x27;: True,
 &#x27;USER_AUTHENTICATION_RULE&#x27;: &#x27;********************&#x27;,
 &#x27;USER_ID_CLAIM&#x27;: &#x27;user_id&#x27;,
 &#x27;USER_ID_FIELD&#x27;: &#x27;id&#x27;,
 &#x27;VERIFYING_KEY&#x27;: &#x27;********************&#x27;}</pre></td>
        </tr>
      
        <tr>
          <td>STATICFILES_DIRS</td>
          <td class="code"><pre>[]</pre></td>
        </tr>
      
        <tr>
          <td>STATICFILES_FINDERS</td>
          <td class="code"><pre>[&#x27;django.contrib.staticfiles.finders.FileSystemFinder&#x27;,
 &#x27;django.contrib.staticfiles.finders.AppDirectoriesFinder&#x27;]</pre></td>
        </tr>
      
        <tr>
          <td>STATIC_ROOT</td>
          <td class="code"><pre>&#x27;/Users/mohamedbechirdiarra/Downloads/prototypeGamma/Backend/staticfiles&#x27;</pre></td>
        </tr>
      
        <tr>
          <td>STATIC_URL</td>
          <td class="code"><pre>&#x27;/static/&#x27;</pre></td>
        </tr>
      
        <tr>
          <td>STORAGES</td>
          <td class="code"><pre>{&#x27;default&#x27;: {&#x27;BACKEND&#x27;: &#x27;django.core.files.storage.FileSystemStorage&#x27;},
 &#x27;staticfiles&#x27;: {&#x27;BACKEND&#x27;: &#x27;django.contrib.staticfiles.storage.StaticFilesStorage&#x27;}}</pre></td>
        </tr>
      
        <tr>
          <td>TEMPLATES</td>
          <td class="code"><pre>[{&#x27;APP_DIRS&#x27;: True,
  &#x27;BACKEND&#x27;: &#x27;django.template.backends.django.DjangoTemplates&#x27;,
  &#x27;DIRS&#x27;: [],
  &#x27;OPTIONS&#x27;: {&#x27;context_processors&#x27;: [&#x27;django.template.context_processors.request&#x27;,
                                     &#x27;django.contrib.auth.context_processors.auth&#x27;,
                                     &#x27;django.contrib.messages.context_processors.messages&#x27;]}}]</pre></td>
        </tr>
      
        <tr>
          <td>TEST_NON_SERIALIZED_APPS</td>
          <td class="code"><pre>[]</pre></td>
        </tr>
      
        <tr>
          <td>TEST_RUNNER</td>
          <td class="code"><pre>&#x27;django.test.runner.DiscoverRunner&#x27;</pre></td>
        </tr>
      
        <tr>
          <td>THOUSAND_SEPARATOR</td>
          <td class="code"><pre>&#x27;,&#x27;</pre></td>
        </tr>
      
        <tr>
          <td>TIME_FORMAT</td>
          <td class="code"><pre>&#x27;P&#x27;</pre></td>
        </tr>
      
        <tr>
          <td>TIME_INPUT_FORMATS</td>
          <td class="code"><pre>[&#x27;%H:%M:%S&#x27;, &#x27;%H:%M:%S.%f&#x27;, &#x27;%H:%M&#x27;]</pre></td>
        </tr>
      
        <tr>
          <td>TIME_ZONE</td>
          <td class="code"><pre>&#x27;UTC&#x27;</pre></td>
        </tr>
      
        <tr>
          <td>USE_I18N</td>
          <td class="code"><pre>True</pre></td>
        </tr>
      
        <tr>
          <td>USE_THOUSAND_SEPARATOR</td>
          <td class="code"><pre>False</pre></td>
        </tr>
      
        <tr>
          <td>USE_TZ</td>
          <td class="code"><pre>True</pre></td>
        </tr>
      
        <tr>
          <td>USE_X_FORWARDED_HOST</td>
          <td class="code"><pre>False</pre></td>
        </tr>
      
        <tr>
          <td>USE_X_FORWARDED_PORT</td>
          <td class="code"><pre>False</pre></td>
        </tr>
      
        <tr>
          <td>WSGI_APPLICATION</td>
          <td class="code"><pre>&#x27;auth.wsgi.application&#x27;</pre></td>
        </tr>
      
        <tr>
          <td>X_FRAME_OPTIONS</td>
          <td class="code"><pre>&#x27;DENY&#x27;</pre></td>
        </tr>
      
        <tr>
          <td>YEAR_MONTH_FORMAT</td>
          <td class="code"><pre>&#x27;F Y&#x27;</pre></td>
        </tr>
      
    </tbody>
  </table>

</div>
</main>


  <footer id="explanation">
    <p>
      You’re seeing this error because you have <code>DEBUG = True</code> in your
      Django settings file. Change that to <code>False</code>, and Django will
      display a standard page generated by the handler for this status code.
    </p>
  </footer>

</body>
</html>

❌ Impossible de créer une conversation, arrêt des tests
