INFO 2025-07-07 20:24:44,694 autoreload 35452 8528027776 Watching for file changes with StatReloader
INFO 2025-07-07 20:25:11,699 basehttp 35452 6148845568 "GET /depannage/api/test/health_check/ HTTP/1.1" 200 140
INFO 2025-07-07 20:25:11,699 basehttp 35452 6132019200 "GET /depannage/api/test/health_check/ HTTP/1.1" 200 140
WARNING 2025-07-07 20:26:11,780 log 35452 6148845568 Bad Request: /users/register/
WARNING 2025-07-07 20:26:11,781 basehttp 35452 6148845568 "POST /users/register/ HTTP/1.1" 400 106
INFO 2025-07-07 20:26:30,444 basehttp 35452 6165671936 "GET /admin/depannage/technician/ HTTP/1.1" 200 53689
INFO 2025-07-07 20:26:30,488 basehttp 35452 6199324672 "GET /static/admin/js/filters.js HTTP/1.1" 200 978
INFO 2025-07-07 20:26:30,488 basehttp 35452 6182498304 - Broken pipe from ('127.0.0.1', 53594)
INFO 2025-07-07 20:26:30,490 basehttp 35452 6165671936 "GET /admin/jsi18n/ HTTP/1.1" 200 3342
WARNING 2025-07-07 20:26:30,516 log 35452 6199324672 Not Found: /favicon.ico
WARNING 2025-07-07 20:26:30,517 basehttp 35452 6199324672 "GET /favicon.ico HTTP/1.1" 404 2678
INFO 2025-07-07 20:26:30,517 basehttp 35452 6199324672 - Broken pipe from ('127.0.0.1', 53595)
INFO 2025-07-07 20:26:43,463 basehttp 35452 6165671936 "GET /admin/depannage/technician/?q=qwerty HTTP/1.1" 200 24242
INFO 2025-07-07 20:26:43,508 basehttp 35452 6165671936 "GET /admin/jsi18n/ HTTP/1.1" 200 3342
WARNING 2025-07-07 20:26:43,529 log 35452 6182498304 Not Found: /favicon.ico
WARNING 2025-07-07 20:26:43,529 basehttp 35452 6182498304 "GET /favicon.ico HTTP/1.1" 404 2678
INFO 2025-07-07 20:26:43,529 basehttp 35452 6182498304 - Broken pipe from ('127.0.0.1', 53605)
INFO 2025-07-07 20:26:46,920 basehttp 35452 6165671936 "GET /admin/users/user/ HTTP/1.1" 200 54303
INFO 2025-07-07 20:26:46,961 basehttp 35452 6199324672 "GET /admin/jsi18n/ HTTP/1.1" 200 3342
INFO 2025-07-07 20:26:59,538 basehttp 35452 6165671936 "GET /admin/depannage/messageattachment/ HTTP/1.1" 200 20763
INFO 2025-07-07 20:26:59,593 basehttp 35452 6199324672 "GET /admin/jsi18n/ HTTP/1.1" 200 3342
INFO 2025-07-07 20:27:02,214 basehttp 35452 6165671936 "GET /admin/depannage/requestdocument/ HTTP/1.1" 200 21124
INFO 2025-07-07 20:27:02,251 basehttp 35452 6199324672 "GET /admin/jsi18n/ HTTP/1.1" 200 3342
INFO 2025-07-07 20:27:08,749 basehttp 35452 6165671936 "GET /admin/depannage/messageattachment/ HTTP/1.1" 200 20763
INFO 2025-07-07 20:27:08,772 basehttp 35452 6199324672 "GET /admin/jsi18n/ HTTP/1.1" 200 3342
INFO 2025-07-07 20:27:12,395 basehttp 35452 6165671936 "GET /admin/depannage/requestdocument/ HTTP/1.1" 200 21124
INFO 2025-07-07 20:27:12,430 basehttp 35452 6199324672 "GET /admin/jsi18n/ HTTP/1.1" 200 3342
INFO 2025-07-07 20:30:12,101 basehttp 35452 6132019200 "GET /admin/depannage/messageattachment/ HTTP/1.1" 200 20763
INFO 2025-07-07 20:30:12,161 basehttp 35452 6132019200 "GET /admin/jsi18n/ HTTP/1.1" 200 3342
INFO 2025-07-07 20:41:03,982 autoreload 37509 8528027776 Watching for file changes with StatReloader
INFO 2025-07-07 20:41:13,858 basehttp 37509 6196588544 "GET /depannage/api/test/health_check/ HTTP/1.1" 200 140
INFO 2025-07-07 20:41:13,858 basehttp 37509 6213414912 "GET /depannage/api/test/health_check/ HTTP/1.1" 200 140
INFO 2025-07-07 20:42:16,180 basehttp 37509 6196588544 "POST /users/register/ HTTP/1.1" 201 873
INFO 2025-07-07 20:42:16,186 basehttp 37509 6196588544 "OPTIONS /users/me/ HTTP/1.1" 200 0
INFO 2025-07-07 20:42:16,191 basehttp 37509 6196588544 "GET /users/me/ HTTP/1.1" 200 485
INFO 2025-07-07 20:42:16,212 basehttp 37509 6196588544 "OPTIONS /depannage/api/notifications/ HTTP/1.1" 200 0
WARNING 2025-07-07 20:42:16,214 log 37509 6230241280 Not Found: /ws/notifications/
WARNING 2025-07-07 20:42:16,214 basehttp 37509 6230241280 "GET /ws/notifications/?token=eyJhbGciOiJIUzI1NiIsInR5cCI6IkpXVCJ9.eyJ0b2tlbl90eXBlIjoiYWNjZXNzIiwiZXhwIjoxNzUxOTI4MTM2LCJpYXQiOjE3NTE5MjA5MzYsImp0aSI6IjcwMmVmMjVhMDkxYTQzNDE5YWNhOWVjZGZhZGFjYjMyIiwidXNlcl9pZCI6ODd9.FAOSptCuwHFJB5A_5zfqUCeUFNJ6qzcaourcezT38h8 HTTP/1.1" 404 2932
INFO 2025-07-07 20:42:16,217 basehttp 37509 6196588544 "GET /depannage/api/notifications/ HTTP/1.1" 200 52
WARNING 2025-07-07 20:42:16,237 log 37509 6196588544 Unauthorized: /depannage/api/repair-requests/project_statistics/
WARNING 2025-07-07 20:42:16,237 basehttp 37509 6196588544 "GET /depannage/api/repair-requests/project_statistics/ HTTP/1.1" 401 58
WARNING 2025-07-07 20:42:16,240 log 37509 6213414912 Unauthorized: /depannage/api/repair-requests/project_statistics/
INFO 2025-07-07 20:42:16,241 basehttp 37509 6196588544 "OPTIONS /depannage/api/repair-requests/ HTTP/1.1" 200 0
WARNING 2025-07-07 20:42:16,242 basehttp 37509 6213414912 "GET /depannage/api/repair-requests/project_statistics/ HTTP/1.1" 401 58
INFO 2025-07-07 20:42:16,242 basehttp 37509 6230241280 "OPTIONS /depannage/api/technicians/subscription_status/ HTTP/1.1" 200 0
INFO 2025-07-07 20:42:16,242 basehttp 37509 6247067648 "OPTIONS /depannage/api/technicians/subscription_status/ HTTP/1.1" 200 0
INFO 2025-07-07 20:42:16,248 basehttp 37509 6196588544 "GET /depannage/api/repair-requests/ HTTP/1.1" 200 52
INFO 2025-07-07 20:42:16,255 basehttp 37509 6247067648 "OPTIONS /depannage/api/repair-requests/dashboard_stats/ HTTP/1.1" 200 0
INFO 2025-07-07 20:42:16,259 basehttp 37509 6196588544 "GET /depannage/api/repair-requests/ HTTP/1.1" 200 52
INFO 2025-07-07 20:42:16,262 basehttp 37509 6247067648 "GET /depannage/api/repair-requests/dashboard_stats/ HTTP/1.1" 200 93
INFO 2025-07-07 20:42:16,273 basehttp 37509 6247067648 "GET /depannage/api/notifications/ HTTP/1.1" 200 52
INFO 2025-07-07 20:42:16,274 basehttp 37509 6196588544 "GET /depannage/api/repair-requests/dashboard_stats/ HTTP/1.1" 200 93
ERROR 2025-07-07 20:42:16,280 log 37509 6213414912 Internal Server Error: /depannage/api/technicians/subscription_status/
Traceback (most recent call last):
  File "/Users/mohamedbechirdiarra/Downloads/Prototype5b/Backend/venv/lib/python3.13/site-packages/django/core/handlers/exception.py", line 55, in inner
    response = get_response(request)
  File "/Users/mohamedbechirdiarra/Downloads/Prototype5b/Backend/venv/lib/python3.13/site-packages/django/core/handlers/base.py", line 197, in _get_response
    response = wrapped_callback(request, *callback_args, **callback_kwargs)
  File "/Users/mohamedbechirdiarra/Downloads/Prototype5b/Backend/venv/lib/python3.13/site-packages/django/views/decorators/csrf.py", line 65, in _view_wrapper
    return view_func(request, *args, **kwargs)
  File "/Users/mohamedbechirdiarra/Downloads/Prototype5b/Backend/venv/lib/python3.13/site-packages/rest_framework/viewsets.py", line 125, in view
    return self.dispatch(request, *args, **kwargs)
           ~~~~~~~~~~~~~^^^^^^^^^^^^^^^^^^^^^^^^^^
  File "/Users/mohamedbechirdiarra/Downloads/Prototype5b/Backend/venv/lib/python3.13/site-packages/rest_framework/views.py", line 515, in dispatch
    response = self.handle_exception(exc)
  File "/Users/mohamedbechirdiarra/Downloads/Prototype5b/Backend/venv/lib/python3.13/site-packages/rest_framework/views.py", line 475, in handle_exception
    self.raise_uncaught_exception(exc)
    ~~~~~~~~~~~~~~~~~~~~~~~~~~~~~^^^^^
  File "/Users/mohamedbechirdiarra/Downloads/Prototype5b/Backend/venv/lib/python3.13/site-packages/rest_framework/views.py", line 486, in raise_uncaught_exception
    raise exc
  File "/Users/mohamedbechirdiarra/Downloads/Prototype5b/Backend/venv/lib/python3.13/site-packages/rest_framework/views.py", line 512, in dispatch
    response = handler(request, *args, **kwargs)
  File "/Users/mohamedbechirdiarra/Downloads/Prototype5b/Backend/depannage/views.py", line 1809, in subscription_status
    active_subscription = technician.subscriptions.filter(
                          ^^^^^^^^^^^^^^^^^^^^^^^^
AttributeError: 'TechnicianProfile' object has no attribute 'subscriptions'
ERROR 2025-07-07 20:42:16,285 log 37509 6230241280 Internal Server Error: /depannage/api/technicians/subscription_status/
Traceback (most recent call last):
  File "/Users/mohamedbechirdiarra/Downloads/Prototype5b/Backend/venv/lib/python3.13/site-packages/django/core/handlers/exception.py", line 55, in inner
    response = get_response(request)
  File "/Users/mohamedbechirdiarra/Downloads/Prototype5b/Backend/venv/lib/python3.13/site-packages/django/core/handlers/base.py", line 197, in _get_response
    response = wrapped_callback(request, *callback_args, **callback_kwargs)
  File "/Users/mohamedbechirdiarra/Downloads/Prototype5b/Backend/venv/lib/python3.13/site-packages/django/views/decorators/csrf.py", line 65, in _view_wrapper
    return view_func(request, *args, **kwargs)
  File "/Users/mohamedbechirdiarra/Downloads/Prototype5b/Backend/venv/lib/python3.13/site-packages/rest_framework/viewsets.py", line 125, in view
    return self.dispatch(request, *args, **kwargs)
           ~~~~~~~~~~~~~^^^^^^^^^^^^^^^^^^^^^^^^^^
  File "/Users/mohamedbechirdiarra/Downloads/Prototype5b/Backend/venv/lib/python3.13/site-packages/rest_framework/views.py", line 515, in dispatch
    response = self.handle_exception(exc)
  File "/Users/mohamedbechirdiarra/Downloads/Prototype5b/Backend/venv/lib/python3.13/site-packages/rest_framework/views.py", line 475, in handle_exception
    self.raise_uncaught_exception(exc)
    ~~~~~~~~~~~~~~~~~~~~~~~~~~~~~^^^^^
  File "/Users/mohamedbechirdiarra/Downloads/Prototype5b/Backend/venv/lib/python3.13/site-packages/rest_framework/views.py", line 486, in raise_uncaught_exception
    raise exc
  File "/Users/mohamedbechirdiarra/Downloads/Prototype5b/Backend/venv/lib/python3.13/site-packages/rest_framework/views.py", line 512, in dispatch
    response = handler(request, *args, **kwargs)
  File "/Users/mohamedbechirdiarra/Downloads/Prototype5b/Backend/depannage/views.py", line 1809, in subscription_status
    active_subscription = technician.subscriptions.filter(
                          ^^^^^^^^^^^^^^^^^^^^^^^^
AttributeError: 'TechnicianProfile' object has no attribute 'subscriptions'
ERROR 2025-07-07 20:42:16,287 basehttp 37509 6213414912 "GET /depannage/api/technicians/subscription_status/ HTTP/1.1" 500 100120
ERROR 2025-07-07 20:42:16,288 basehttp 37509 6230241280 "GET /depannage/api/technicians/subscription_status/ HTTP/1.1" 500 100120
INFO 2025-07-07 20:42:16,309 basehttp 37509 6213414912 "GET /depannage/api/notifications/ HTTP/1.1" 200 52
WARNING 2025-07-07 20:42:18,252 log 37509 6263894016 Not Found: /ws/notifications/
WARNING 2025-07-07 20:42:18,252 basehttp 37509 6263894016 "GET /ws/notifications/?token=eyJhbGciOiJIUzI1NiIsInR5cCI6IkpXVCJ9.eyJ0b2tlbl90eXBlIjoiYWNjZXNzIiwiZXhwIjoxNzUxOTI4MTM2LCJpYXQiOjE3NTE5MjA5MzYsImp0aSI6IjcwMmVmMjVhMDkxYTQzNDE5YWNhOWVjZGZhZGFjYjMyIiwidXNlcl9pZCI6ODd9.FAOSptCuwHFJB5A_5zfqUCeUFNJ6qzcaourcezT38h8 HTTP/1.1" 404 2932
WARNING 2025-07-07 20:42:20,308 log 37509 6280720384 Not Found: /ws/notifications/
WARNING 2025-07-07 20:42:20,309 basehttp 37509 6280720384 "GET /ws/notifications/?token=eyJhbGciOiJIUzI1NiIsInR5cCI6IkpXVCJ9.eyJ0b2tlbl90eXBlIjoiYWNjZXNzIiwiZXhwIjoxNzUxOTI4MTM2LCJpYXQiOjE3NTE5MjA5MzYsImp0aSI6IjcwMmVmMjVhMDkxYTQzNDE5YWNhOWVjZGZhZGFjYjMyIiwidXNlcl9pZCI6ODd9.FAOSptCuwHFJB5A_5zfqUCeUFNJ6qzcaourcezT38h8 HTTP/1.1" 404 2932
WARNING 2025-07-07 20:42:22,333 log 37509 6297546752 Not Found: /ws/notifications/
WARNING 2025-07-07 20:42:22,334 basehttp 37509 6297546752 "GET /ws/notifications/?token=eyJhbGciOiJIUzI1NiIsInR5cCI6IkpXVCJ9.eyJ0b2tlbl90eXBlIjoiYWNjZXNzIiwiZXhwIjoxNzUxOTI4MTM2LCJpYXQiOjE3NTE5MjA5MzYsImp0aSI6IjcwMmVmMjVhMDkxYTQzNDE5YWNhOWVjZGZhZGFjYjMyIiwidXNlcl9pZCI6ODd9.FAOSptCuwHFJB5A_5zfqUCeUFNJ6qzcaourcezT38h8 HTTP/1.1" 404 2932
WARNING 2025-07-07 20:42:24,355 log 37509 6314373120 Not Found: /ws/notifications/
WARNING 2025-07-07 20:42:24,355 basehttp 37509 6314373120 "GET /ws/notifications/?token=eyJhbGciOiJIUzI1NiIsInR5cCI6IkpXVCJ9.eyJ0b2tlbl90eXBlIjoiYWNjZXNzIiwiZXhwIjoxNzUxOTI4MTM2LCJpYXQiOjE3NTE5MjA5MzYsImp0aSI6IjcwMmVmMjVhMDkxYTQzNDE5YWNhOWVjZGZhZGFjYjMyIiwidXNlcl9pZCI6ODd9.FAOSptCuwHFJB5A_5zfqUCeUFNJ6qzcaourcezT38h8 HTTP/1.1" 404 2932
WARNING 2025-07-07 20:42:26,397 log 37509 6331199488 Not Found: /ws/notifications/
WARNING 2025-07-07 20:42:26,397 basehttp 37509 6331199488 "GET /ws/notifications/?token=eyJhbGciOiJIUzI1NiIsInR5cCI6IkpXVCJ9.eyJ0b2tlbl90eXBlIjoiYWNjZXNzIiwiZXhwIjoxNzUxOTI4MTM2LCJpYXQiOjE3NTE5MjA5MzYsImp0aSI6IjcwMmVmMjVhMDkxYTQzNDE5YWNhOWVjZGZhZGFjYjMyIiwidXNlcl9pZCI6ODd9.FAOSptCuwHFJB5A_5zfqUCeUFNJ6qzcaourcezT38h8 HTTP/1.1" 404 2932
WARNING 2025-07-07 20:42:29,432 log 37509 6348025856 Not Found: /ws/notifications/
WARNING 2025-07-07 20:42:29,433 basehttp 37509 6348025856 "GET /ws/notifications/?token=eyJhbGciOiJIUzI1NiIsInR5cCI6IkpXVCJ9.eyJ0b2tlbl90eXBlIjoiYWNjZXNzIiwiZXhwIjoxNzUxOTI4MTM2LCJpYXQiOjE3NTE5MjA5MzYsImp0aSI6IjcwMmVmMjVhMDkxYTQzNDE5YWNhOWVjZGZhZGFjYjMyIiwidXNlcl9pZCI6ODd9.FAOSptCuwHFJB5A_5zfqUCeUFNJ6qzcaourcezT38h8 HTTP/1.1" 404 2932
WARNING 2025-07-07 20:42:33,983 log 37509 6364852224 Not Found: /ws/notifications/
WARNING 2025-07-07 20:42:33,984 basehttp 37509 6364852224 "GET /ws/notifications/?token=eyJhbGciOiJIUzI1NiIsInR5cCI6IkpXVCJ9.eyJ0b2tlbl90eXBlIjoiYWNjZXNzIiwiZXhwIjoxNzUxOTI4MTM2LCJpYXQiOjE3NTE5MjA5MzYsImp0aSI6IjcwMmVmMjVhMDkxYTQzNDE5YWNhOWVjZGZhZGFjYjMyIiwidXNlcl9pZCI6ODd9.FAOSptCuwHFJB5A_5zfqUCeUFNJ6qzcaourcezT38h8 HTTP/1.1" 404 2932
WARNING 2025-07-07 20:42:40,910 log 37509 6263894016 Not Found: /ws/notifications/
WARNING 2025-07-07 20:42:40,910 basehttp 37509 6263894016 "GET /ws/notifications/?token=eyJhbGciOiJIUzI1NiIsInR5cCI6IkpXVCJ9.eyJ0b2tlbl90eXBlIjoiYWNjZXNzIiwiZXhwIjoxNzUxOTI4MTM2LCJpYXQiOjE3NTE5MjA5MzYsImp0aSI6IjcwMmVmMjVhMDkxYTQzNDE5YWNhOWVjZGZhZGFjYjMyIiwidXNlcl9pZCI6ODd9.FAOSptCuwHFJB5A_5zfqUCeUFNJ6qzcaourcezT38h8 HTTP/1.1" 404 2932
WARNING 2025-07-07 20:42:51,119 log 37509 6280720384 Not Found: /ws/notifications/
WARNING 2025-07-07 20:42:51,120 basehttp 37509 6280720384 "GET /ws/notifications/?token=eyJhbGciOiJIUzI1NiIsInR5cCI6IkpXVCJ9.eyJ0b2tlbl90eXBlIjoiYWNjZXNzIiwiZXhwIjoxNzUxOTI4MTM2LCJpYXQiOjE3NTE5MjA5MzYsImp0aSI6IjcwMmVmMjVhMDkxYTQzNDE5YWNhOWVjZGZhZGFjYjMyIiwidXNlcl9pZCI6ODd9.FAOSptCuwHFJB5A_5zfqUCeUFNJ6qzcaourcezT38h8 HTTP/1.1" 404 2932
WARNING 2025-07-07 20:43:06,478 log 37509 6297546752 Not Found: /ws/notifications/
WARNING 2025-07-07 20:43:06,479 basehttp 37509 6297546752 "GET /ws/notifications/?token=eyJhbGciOiJIUzI1NiIsInR5cCI6IkpXVCJ9.eyJ0b2tlbl90eXBlIjoiYWNjZXNzIiwiZXhwIjoxNzUxOTI4MTM2LCJpYXQiOjE3NTE5MjA5MzYsImp0aSI6IjcwMmVmMjVhMDkxYTQzNDE5YWNhOWVjZGZhZGFjYjMyIiwidXNlcl9pZCI6ODd9.FAOSptCuwHFJB5A_5zfqUCeUFNJ6qzcaourcezT38h8 HTTP/1.1" 404 2932
WARNING 2025-07-07 20:43:31,255 log 37509 6314373120 Not Found: /ws/notifications/
WARNING 2025-07-07 20:43:31,255 basehttp 37509 6314373120 "GET /ws/notifications/?token=eyJhbGciOiJIUzI1NiIsInR5cCI6IkpXVCJ9.eyJ0b2tlbl90eXBlIjoiYWNjZXNzIiwiZXhwIjoxNzUxOTI4MTM2LCJpYXQiOjE3NTE5MjA5MzYsImp0aSI6IjcwMmVmMjVhMDkxYTQzNDE5YWNhOWVjZGZhZGFjYjMyIiwidXNlcl9pZCI6ODd9.FAOSptCuwHFJB5A_5zfqUCeUFNJ6qzcaourcezT38h8 HTTP/1.1" 404 2932
WARNING 2025-07-10 13:11:05,018 log 82294 8482578560 Bad Request: /users/register/
WARNING 2025-07-10 13:11:58,613 log 82514 8482578560 Bad Request: /users/register/
WARNING 2025-07-10 13:12:34,256 log 82694 8482578560 Bad Request: /users/register/
WARNING 2025-07-10 13:13:17,587 log 82867 8482578560 Bad Request: /users/register/
WARNING 2025-07-10 13:14:18,216 log 83431 8482578560 Bad Request: /users/register/
WARNING 2025-07-10 13:15:06,168 log 84725 8482578560 Bad Request: /users/register/
WARNING 2025-07-10 13:15:37,335 log 85601 8482578560 Bad Request: /users/register/
WARNING 2025-07-10 13:16:10,658 log 85994 8482578560 Bad Request: /users/register/
WARNING 2025-07-10 13:28:36,049 log 80733 6136410112 Not Found: /favicon.ico
WARNING 2025-07-10 13:28:38,743 log 80733 6136410112 Not Found: /favicon.ico
WARNING 2025-07-10 13:37:18,195 log 80733 6136410112 Unauthorized: /users/login/
WARNING 2025-07-10 13:38:16,596 log 89393 8482578560 Unauthorized: /users/login/
WARNING 2025-07-10 13:38:17,316 log 80733 6136410112 Unauthorized: /users/login/
WARNING 2025-07-10 13:41:13,024 log 90879 8482578560 Unauthorized: /users/login/
WARNING 2025-07-10 13:41:13,699 log 80733 6136410112 Unauthorized: /users/login/
WARNING 2025-07-10 13:42:46,814 log 91708 8482578560 Unauthorized: /users/login/
WARNING 2025-07-10 13:42:47,933 log 91670 6153875456 Unauthorized: /users/login/
WARNING 2025-07-10 13:44:18,445 log 91934 8482578560 Unauthorized: /users/login/
WARNING 2025-07-10 13:44:19,152 log 91670 6153875456 Unauthorized: /users/login/
WARNING 2025-07-10 13:45:16,984 log 92412 8482578560 Unauthorized: /users/login/
WARNING 2025-07-10 13:46:14,452 log 92585 8482578560 Unauthorized: /users/login/
WARNING 2025-07-10 13:46:15,028 log 91670 6153875456 Not Found: /users/delete_user/
WARNING 2025-07-10 13:46:15,065 log 91670 6153875456 Bad Request: /users/register/
WARNING 2025-07-10 13:46:57,983 log 92750 8482578560 Unauthorized: /users/login/
INFO 2025-07-10 13:46:58,825 views 91670 6137049088 [DEBUG] Body reçu pour création RepairRequest: {'title': 'Test demande client existant', 'description': 'Problème de test automatisé.', 'specialty_needed': 'electrician', 'address': 'Bamako, ACI 2000', 'latitude': 12.6392, 'longitude': -8.0029, 'phone': '+223 70 66 41 04'}
INFO 2025-07-10 13:46:58,850 views 91670 6137049088 Nouvelle demande créée: 578 par client1_1752155218
WARNING 2025-07-10 13:47:33,940 log 92900 8482578560 Unauthorized: /users/login/
INFO 2025-07-10 13:47:34,810 views 91670 6137049088 [DEBUG] Body reçu pour création RepairRequest: {'title': 'Test demande client existant', 'description': 'Problème de test automatisé.', 'specialty_needed': 'electrician', 'address': 'Bamako, ACI 2000', 'latitude': 12.6392, 'longitude': -8.0029, 'phone': '+223 70 66 41 04'}
INFO 2025-07-10 13:47:34,833 views 91670 6137049088 Nouvelle demande créée: 579 par client1_1752155254
WARNING 2025-07-10 13:48:21,110 log 93473 8482578560 Unauthorized: /users/login/
INFO 2025-07-10 13:48:22,233 views 93434 6161100800 [DEBUG] Body reçu pour création RepairRequest: {'title': 'Test demande client existant', 'description': 'Problème de test automatisé.', 'specialty_needed': 'electrician', 'address': 'Bamako, ACI 2000', 'latitude': 12.6392, 'longitude': -8.0029, 'phone': '+223 70 66 41 04'}
INFO 2025-07-10 13:48:22,254 views 93434 6161100800 Nouvelle demande créée: 580 par client1_1752155301
WARNING 2025-07-10 13:48:22,275 log 93434 6177927168 Not Found: /users/delete_user/
INFO 2025-07-10 13:48:22,539 views 93434 6161100800 [DEBUG] Body reçu pour création RepairRequest: {'title': 'Test demande API', 'description': 'Problème de test automatisé.', 'specialty_needed': 'electrician', 'address': 'Bamako, ACI 2000', 'latitude': 12.6392, 'longitude': -8.0029, 'phone': '+223 77 88 99 00'}
INFO 2025-07-10 13:48:22,551 views 93434 6161100800 Nouvelle demande créée: 581 par testclient_api
WARNING 2025-07-10 13:50:01,309 log 93434 6177927168 Unauthorized: /users/login/
WARNING 2025-07-10 13:50:08,012 log 93434 6177927168 Not Found: /users/login/
WARNING 2025-07-10 13:50:12,847 log 94322 8482578560 Unauthorized: /users/login/
INFO 2025-07-10 13:50:13,670 views 93434 6161100800 [DEBUG] Body reçu pour création RepairRequest: {'title': 'Test demande client existant', 'description': 'Problème de test automatisé.', 'specialty_needed': 'electrician', 'address': 'Bamako, ACI 2000', 'latitude': 12.6392, 'longitude': -8.0029, 'phone': '+223 70 66 41 04'}
INFO 2025-07-10 13:50:13,693 views 93434 6161100800 Nouvelle demande créée: 582 par client1_1752155413
WARNING 2025-07-10 13:50:13,716 log 93434 6177927168 Not Found: /users/delete_user/
WARNING 2025-07-10 13:50:13,721 log 93434 6177927168 Bad Request: /users/register/
INFO 2025-07-10 13:57:10,946 views 93434 6161100800 [DEBUG] Body reçu pour création RepairRequest: {'title': 'Test demande Papou', 'description': 'Problème de test pour Papou.', 'specialty_needed': 'electrician', 'address': 'Kalaban coura', 'latitude': 12.6, 'longitude': -8.0, 'phone': '+223 84 24 10 95'}
INFO 2025-07-10 13:57:10,978 views 93434 6161100800 Nouvelle demande créée: 583 par paci
WARNING 2025-07-10 13:58:52,131 log 93434 6177927168 Not Found: /depannage/api/repair-requests/583/
WARNING 2025-07-10 13:59:31,252 log 93434 6177927168 Not Found: /depannage/api/repair-requests/583/
WARNING 2025-07-10 14:02:43,262 log 93434 6177927168 Bad Request: /depannage/api/reviews/
WARNING 2025-07-10 15:23:38,495 log 93434 6177927168 Unauthorized: /depannage/api/repair-requests/project_statistics/
WARNING 2025-07-10 15:23:38,496 log 93434 6262059008 Unauthorized: /depannage/api/repair-requests/project_statistics/
INFO 2025-07-10 15:23:57,863 views 93434 6161100800 [DEBUG] get_technician_profile: technician_depannage trouvé: Bechir Ballo - Informatique (type: <class 'depannage.models.Technician'>)
ERROR 2025-07-10 15:23:57,901 log 93434 6177927168 Internal Server Error: /depannage/api/reviews/received/
Traceback (most recent call last):
  File "/Users/mohamedbechirdiarra/Downloads/Prototype5b/Backend/venv/lib/python3.13/site-packages/asgiref/sync.py", line 518, in thread_handler
    raise exc_info[1]
  File "/Users/mohamedbechirdiarra/Downloads/Prototype5b/Backend/venv/lib/python3.13/site-packages/django/core/handlers/exception.py", line 42, in inner
    response = await get_response(request)
               ^^^^^^^^^^^^^^^^^^^^^^^^^^^
  File "/Users/mohamedbechirdiarra/Downloads/Prototype5b/Backend/venv/lib/python3.13/site-packages/asgiref/sync.py", line 518, in thread_handler
    raise exc_info[1]
  File "/Users/mohamedbechirdiarra/Downloads/Prototype5b/Backend/venv/lib/python3.13/site-packages/django/core/handlers/base.py", line 253, in _get_response_async
    response = await wrapped_callback(
               ^^^^^^^^^^^^^^^^^^^^^^^
        request, *callback_args, **callback_kwargs
        ^^^^^^^^^^^^^^^^^^^^^^^^^^^^^^^^^^^^^^^^^^
    )
    ^
  File "/Users/mohamedbechirdiarra/Downloads/Prototype5b/Backend/venv/lib/python3.13/site-packages/asgiref/sync.py", line 468, in __call__
    ret = await asyncio.shield(exec_coro)
          ^^^^^^^^^^^^^^^^^^^^^^^^^^^^^^^
  File "/Users/mohamedbechirdiarra/Downloads/Prototype5b/Backend/venv/lib/python3.13/site-packages/asgiref/current_thread_executor.py", line 40, in run
    result = self.fn(*self.args, **self.kwargs)
  File "/Users/mohamedbechirdiarra/Downloads/Prototype5b/Backend/venv/lib/python3.13/site-packages/asgiref/sync.py", line 522, in thread_handler
    return func(*args, **kwargs)
  File "/Users/mohamedbechirdiarra/Downloads/Prototype5b/Backend/venv/lib/python3.13/site-packages/django/views/decorators/csrf.py", line 65, in _view_wrapper
    return view_func(request, *args, **kwargs)
  File "/Users/mohamedbechirdiarra/Downloads/Prototype5b/Backend/venv/lib/python3.13/site-packages/rest_framework/viewsets.py", line 125, in view
    return self.dispatch(request, *args, **kwargs)
           ~~~~~~~~~~~~~^^^^^^^^^^^^^^^^^^^^^^^^^^
  File "/Users/mohamedbechirdiarra/Downloads/Prototype5b/Backend/venv/lib/python3.13/site-packages/rest_framework/views.py", line 515, in dispatch
    response = self.handle_exception(exc)
  File "/Users/mohamedbechirdiarra/Downloads/Prototype5b/Backend/venv/lib/python3.13/site-packages/rest_framework/views.py", line 475, in handle_exception
    self.raise_uncaught_exception(exc)
    ~~~~~~~~~~~~~~~~~~~~~~~~~~~~~^^^^^
  File "/Users/mohamedbechirdiarra/Downloads/Prototype5b/Backend/venv/lib/python3.13/site-packages/rest_framework/views.py", line 486, in raise_uncaught_exception
    raise exc
  File "/Users/mohamedbechirdiarra/Downloads/Prototype5b/Backend/venv/lib/python3.13/site-packages/rest_framework/views.py", line 512, in dispatch
    response = handler(request, *args, **kwargs)
  File "/Users/mohamedbechirdiarra/Downloads/Prototype5b/Backend/depannage/views.py", line 2149, in received
    paginator = Paginator(reviews, page_size)
                ^^^^^^^^^
NameError: name 'Paginator' is not defined
INFO 2025-07-10 15:23:58,398 views 93434 6161100800 [DEBUG] get_technician_profile: technician_depannage trouvé: Bechir Ballo - Informatique (type: <class 'depannage.models.Technician'>)
INFO 2025-07-10 15:23:58,405 views 93434 6161100800 [DEBUG] get_technician_profile: technician_depannage trouvé: Bechir Ballo - Informatique (type: <class 'depannage.models.Technician'>)
WARNING 2025-07-10 15:24:36,613 log 93434 6177927168 Not Found: /depannage/api/technicians/0/
WARNING 2025-07-10 15:24:36,622 log 93434 6262059008 Not Found: /depannage/api/technicians/0/
WARNING 2025-07-10 15:24:48,122 log 93434 6177927168 Unauthorized: /depannage/api/repair-requests/project_statistics/
WARNING 2025-07-10 15:24:48,122 log 93434 6262059008 Unauthorized: /depannage/api/repair-requests/project_statistics/
WARNING 2025-07-10 15:27:40,560 log 93434 6262059008 Not Found: /favicon.ico
WARNING 2025-07-10 15:27:42,719 log 93434 6262059008 Not Found: /favicon.ico
WARNING 2025-07-10 16:26:28,162 log 93434 6177927168 Unauthorized: /depannage/api/reviews/received/
INFO 2025-07-10 16:26:28,194 views 93434 6161100800 [DEBUG] get_technician_profile: technician_depannage trouvé: Bechir Ballo - Informatique (type: <class 'depannage.models.Technician'>)
ERROR 2025-07-10 16:26:28,213 log 93434 6262059008 Internal Server Error: /depannage/api/reviews/received/
Traceback (most recent call last):
  File "/Users/mohamedbechirdiarra/Downloads/Prototype5b/Backend/venv/lib/python3.13/site-packages/asgiref/sync.py", line 518, in thread_handler
    raise exc_info[1]
  File "/Users/mohamedbechirdiarra/Downloads/Prototype5b/Backend/venv/lib/python3.13/site-packages/django/core/handlers/exception.py", line 42, in inner
    response = await get_response(request)
               ^^^^^^^^^^^^^^^^^^^^^^^^^^^
  File "/Users/mohamedbechirdiarra/Downloads/Prototype5b/Backend/venv/lib/python3.13/site-packages/asgiref/sync.py", line 518, in thread_handler
    raise exc_info[1]
  File "/Users/mohamedbechirdiarra/Downloads/Prototype5b/Backend/venv/lib/python3.13/site-packages/django/core/handlers/base.py", line 253, in _get_response_async
    response = await wrapped_callback(
               ^^^^^^^^^^^^^^^^^^^^^^^
        request, *callback_args, **callback_kwargs
        ^^^^^^^^^^^^^^^^^^^^^^^^^^^^^^^^^^^^^^^^^^
    )
    ^
  File "/Users/mohamedbechirdiarra/Downloads/Prototype5b/Backend/venv/lib/python3.13/site-packages/asgiref/sync.py", line 468, in __call__
    ret = await asyncio.shield(exec_coro)
          ^^^^^^^^^^^^^^^^^^^^^^^^^^^^^^^
  File "/Users/mohamedbechirdiarra/Downloads/Prototype5b/Backend/venv/lib/python3.13/site-packages/asgiref/current_thread_executor.py", line 40, in run
    result = self.fn(*self.args, **self.kwargs)
  File "/Users/mohamedbechirdiarra/Downloads/Prototype5b/Backend/venv/lib/python3.13/site-packages/asgiref/sync.py", line 522, in thread_handler
    return func(*args, **kwargs)
  File "/Users/mohamedbechirdiarra/Downloads/Prototype5b/Backend/venv/lib/python3.13/site-packages/django/views/decorators/csrf.py", line 65, in _view_wrapper
    return view_func(request, *args, **kwargs)
  File "/Users/mohamedbechirdiarra/Downloads/Prototype5b/Backend/venv/lib/python3.13/site-packages/rest_framework/viewsets.py", line 125, in view
    return self.dispatch(request, *args, **kwargs)
           ~~~~~~~~~~~~~^^^^^^^^^^^^^^^^^^^^^^^^^^
  File "/Users/mohamedbechirdiarra/Downloads/Prototype5b/Backend/venv/lib/python3.13/site-packages/rest_framework/views.py", line 515, in dispatch
    response = self.handle_exception(exc)
  File "/Users/mohamedbechirdiarra/Downloads/Prototype5b/Backend/venv/lib/python3.13/site-packages/rest_framework/views.py", line 475, in handle_exception
    self.raise_uncaught_exception(exc)
    ~~~~~~~~~~~~~~~~~~~~~~~~~~~~~^^^^^
  File "/Users/mohamedbechirdiarra/Downloads/Prototype5b/Backend/venv/lib/python3.13/site-packages/rest_framework/views.py", line 486, in raise_uncaught_exception
    raise exc
  File "/Users/mohamedbechirdiarra/Downloads/Prototype5b/Backend/venv/lib/python3.13/site-packages/rest_framework/views.py", line 512, in dispatch
    response = handler(request, *args, **kwargs)
  File "/Users/mohamedbechirdiarra/Downloads/Prototype5b/Backend/depannage/views.py", line 2149, in received
    paginator = Paginator(reviews, page_size)
                ^^^^^^^^^
NameError: name 'Paginator' is not defined
WARNING 2025-07-10 16:26:42,870 log 93434 6262059008 Unauthorized: /depannage/api/repair-requests/105/validate_mission/
WARNING 2025-07-10 16:26:46,427 log 93434 6177927168 Unauthorized: /depannage/api/repair-requests/105/validate_mission/
WARNING 2025-07-10 16:26:47,306 log 93434 6262059008 Unauthorized: /depannage/api/repair-requests/105/validate_mission/
WARNING 2025-07-10 16:26:56,546 log 93434 6177927168 Unauthorized: /users/me/
WARNING 2025-07-10 16:26:56,564 log 93434 6262059008 Unauthorized: /users/token/refresh/
WARNING 2025-07-10 16:47:17,414 log 93434 6177927168 Bad Request: /depannage/api/reviews/
WARNING 2025-07-10 16:54:37,988 log 93434 6177927168 Not Found: /favicon.ico
WARNING 2025-07-10 16:54:40,803 log 93434 6177927168 Not Found: /favicon.ico
WARNING 2025-07-10 17:56:43,121 log 18520 6168899584 Not Found: /favicon.ico
WARNING 2025-07-10 17:56:48,437 log 18520 6168899584 Not Found: /favicon.ico
INFO 2025-07-10 18:28:30,641 views 18520 6325039104 [DEBUG] Body reçu pour création RepairRequest: {'title': 'Demande de Plomberie', 'description': "Fuite d'eau dans le magasin du sous sol", 'specialty_needed': 'plumber', 'address': 'Rue 39, Hamdallaye, ACI 2000, Lafiabougou, Bamako, Mali, Bamako 3321', 'preferred_date': '2025-07-10T18:00:00.000Z', 'is_urgent': True, 'priority': 'urgent', 'estimated_price': 50000, 'latitude': 12.642451689911004, 'longitude': -8.024636875629898, 'phone': '+22377012345'}
INFO 2025-07-10 18:28:30,677 views 18520 6325039104 Nouvelle demande créée: 584 par client3
WARNING 2025-07-10 18:38:17,229 log 18520 6168899584 Unauthorized: /depannage/api/repair-requests/project_statistics/
WARNING 2025-07-10 18:38:17,230 log 18520 6392344576 Unauthorized: /depannage/api/repair-requests/project_statistics/
INFO 2025-07-10 18:39:14,884 views 18520 6325039104 [DEBUG] get_technician_profile: technician_depannage trouvé: Bechir Ballo - Informatique (type: <class 'depannage.models.Technician'>)
WARNING 2025-07-10 18:41:21,566 log 18520 6392344576 Unauthorized: /depannage/api/repair-requests/project_statistics/
WARNING 2025-07-10 18:41:21,576 log 18520 6168899584 Unauthorized: /depannage/api/repair-requests/project_statistics/
INFO 2025-07-10 18:43:49,498 views 18520 6325039104 [DEBUG] get_technician_profile: technician_depannage trouvé: Bechir Ballo - Informatique (type: <class 'depannage.models.Technician'>)
WARNING 2025-07-10 18:48:03,189 log 18520 6168899584 Unauthorized: /depannage/api/repair-requests/project_statistics/
WARNING 2025-07-10 18:48:03,195 log 18520 6392344576 Unauthorized: /depannage/api/repair-requests/project_statistics/
WARNING 2025-07-10 18:48:29,826 log 18520 6392344576 Unauthorized: /depannage/api/repair-requests/project_statistics/
WARNING 2025-07-10 18:48:29,826 log 18520 6168899584 Unauthorized: /depannage/api/repair-requests/project_statistics/
WARNING 2025-07-10 18:52:18,254 log 18520 6168899584 Unauthorized: /depannage/api/repair-requests/project_statistics/
WARNING 2025-07-10 18:52:18,257 log 18520 6392344576 Unauthorized: /depannage/api/repair-requests/project_statistics/
WARNING 2025-07-10 18:58:14,214 log 18520 6392344576 Unauthorized: /depannage/api/repair-requests/project_statistics/
WARNING 2025-07-10 18:58:14,215 log 18520 6168899584 Unauthorized: /depannage/api/repair-requests/project_statistics/
WARNING 2025-07-10 18:58:20,416 log 18520 6392344576 Unauthorized: /depannage/api/repair-requests/project_statistics/
WARNING 2025-07-10 18:58:20,418 log 18520 6168899584 Unauthorized: /depannage/api/repair-requests/project_statistics/
WARNING 2025-07-10 19:23:12,088 log 18520 6392344576 Unauthorized: /depannage/api/cinetpay/initiate_subscription_payment/
WARNING 2025-07-10 19:23:18,848 log 18520 6168899584 Unauthorized: /depannage/api/repair-requests/project_statistics/
WARNING 2025-07-10 19:23:18,848 log 18520 6392344576 Unauthorized: /depannage/api/repair-requests/project_statistics/
INFO 2025-07-10 19:23:23,715 views 18520 6325039104 [DEBUG] get_technician_profile: technician_depannage trouvé: Bechir Ballo - Informatique (type: <class 'depannage.models.Technician'>)
WARNING 2025-07-10 19:33:23,376 log 18520 6168899584 Unauthorized: /depannage/api/repair-requests/project_statistics/
WARNING 2025-07-10 19:33:23,377 log 18520 6392344576 Unauthorized: /depannage/api/repair-requests/project_statistics/
INFO 2025-07-10 19:33:29,562 views 18520 6325039104 [DEBUG] get_technician_profile: technician_depannage trouvé: Bechir Ballo - Informatique (type: <class 'depannage.models.Technician'>)
WARNING 2025-07-10 20:13:15,251 log 18520 6168899584 Unauthorized: /depannage/api/repair-requests/project_statistics/
WARNING 2025-07-10 20:13:15,252 log 18520 6392344576 Unauthorized: /depannage/api/repair-requests/project_statistics/
INFO 2025-07-10 20:13:35,433 views 18520 6325039104 [DEBUG] get_technician_profile: technician_depannage trouvé: Bechir Ballo - Informatique (type: <class 'depannage.models.Technician'>)
WARNING 2025-07-10 20:14:34,399 log 18520 6392344576 Not Found: /favicon.ico
WARNING 2025-07-10 20:14:36,387 log 18520 6392344576 Not Found: /favicon.ico
